Log file open, 02/24/23 10:05:30
LogWindows: Failed to load 'aqProf.dll' (GetLastError=126)
LogWindows: File 'aqProf.dll' does not exist
LogWindows: Failed to load 'VtuneApi.dll' (GetLastError=126)
LogWindows: File 'VtuneApi.dll' does not exist
LogWindows: Failed to load 'VtuneApi32e.dll' (GetLastError=126)
LogWindows: File 'VtuneApi32e.dll' does not exist
LogConsoleResponse: Display: Failed to find resolution value strings in scalability ini. Falling back to default.
LogConsoleResponse: Display: Failed to find resolution value strings in scalability ini. Falling back to default.
LogInit: Display: Running engine for game: ProgGameProject
LogPlatformFile: Not using cached read wrapper
LogTaskGraph: Started task graph with 5 named threads and 35 total threads with 3 sets of task threads.
LogStats: Stats thread started at 0.200289
LogICUInternationalization: ICU TimeZone Detection - Raw Offset: +0:00, Platform Override: ''
LogInit: Display: Loading text-based GConfig....
LogPluginManager: Mounting plugin MeshPainting
LogPluginManager: Mounting plugin XGEController
LogPluginManager: Mounting plugin Paper2D
LogPluginManager: Mounting plugin AISupport
LogPluginManager: Mounting plugin EnvironmentQueryEditor
LogPluginManager: Mounting plugin LiveLink
LogPluginManager: Mounting plugin OodleData
LogPluginManager: Mounting plugin LightPropagationVolume
LogPluginManager: Mounting plugin OodleNetwork
LogPluginManager: Mounting plugin CameraShakePreviewer
LogPluginManager: Mounting plugin GameplayCameras
LogPluginManager: Mounting plugin AssetManagerEditor
LogPluginManager: Mounting plugin DataValidation
LogPluginManager: Mounting plugin CurveEditorTools
LogPluginManager: Mounting plugin GameplayTagsEditor
LogPluginManager: Mounting plugin GeometryMode
LogPluginManager: Mounting plugin FacialAnimation
LogPluginManager: Mounting plugin CryptoKeys
LogPluginManager: Mounting plugin MacGraphicsSwitching
LogPluginManager: Mounting plugin MaterialAnalyzer
LogPluginManager: Mounting plugin MobileLauncherProfileWizard
LogPluginManager: Mounting plugin SpeedTreeImporter
LogPluginManager: Mounting plugin PluginBrowser
LogPluginManager: Mounting plugin AlembicImporter
LogPluginManager: Mounting plugin AutomationUtils
LogPluginManager: Mounting plugin BackChannel
LogPluginManager: Mounting plugin ChaosClothEditor
LogPluginManager: Mounting plugin ChaosNiagara
LogPluginManager: Mounting plugin ChaosCloth
LogPluginManager: Mounting plugin ChaosEditor
LogPluginManager: Mounting plugin ChaosSolverPlugin
LogPluginManager: Mounting plugin CharacterAI
LogPluginManager: Mounting plugin AnimationSharing
LogPluginManager: Mounting plugin AlembicHairImporter
LogPluginManager: Mounting plugin CLionSourceCodeAccess
LogPluginManager: Mounting plugin CodeLiteSourceCodeAccess
LogPluginManager: Mounting plugin GitSourceControl
LogPluginManager: Mounting plugin KDevelopSourceCodeAccess
LogPluginManager: Mounting plugin NullSourceCodeAccess
LogPluginManager: Mounting plugin PixWinPlugin
LogPluginManager: Mounting plugin PerforceSourceControl
LogPluginManager: Mounting plugin PlasticSourceControl
LogPluginManager: Mounting plugin PluginUtils
LogPluginManager: Mounting plugin PropertyAccessNode
LogPluginManager: Mounting plugin SubversionSourceControl
LogPluginManager: Mounting plugin RiderSourceCodeAccess
LogPluginManager: Mounting plugin TextureFormatOodle
LogPluginManager: Mounting plugin UObjectPlugin
LogPluginManager: Mounting plugin VisualStudioSourceCodeAccess
LogPluginManager: Mounting plugin VisualStudioCodeSourceCodeAccess
LogPluginManager: Mounting plugin XCodeSourceCodeAccess
LogPluginManager: Mounting plugin DatasmithContent
LogPluginManager: Mounting plugin VariantManagerContent
LogPluginManager: Mounting plugin GeometryCache
LogPluginManager: Mounting plugin GeometryCollectionPlugin
LogPluginManager: Mounting plugin GeometryProcessing
LogPluginManager: Mounting plugin OpenImageDenoise
LogPluginManager: Mounting plugin MotoSynth
LogPluginManager: Mounting plugin PlanarCut
LogPluginManager: Mounting plugin PlatformCrypto
LogPluginManager: Mounting plugin PythonScriptPlugin
LogPluginManager: Mounting plugin ProxyLODPlugin
LogPluginManager: Mounting plugin Niagara
LogPluginManager: Mounting plugin LuminPlatformFeatures
LogPluginManager: Mounting plugin MagicLeap
LogPluginManager: Mounting plugin MagicLeapLightEstimation
LogPluginManager: Mounting plugin MagicLeapMedia
LogPluginManager: Mounting plugin MagicLeapPassableWorld
LogPluginManager: Mounting plugin MLSDK
LogPluginManager: Mounting plugin SkeletalReduction
LogPluginManager: Mounting plugin AndroidMedia
LogPluginManager: Mounting plugin AvfMedia
LogPluginManager: Mounting plugin ImgMedia
LogPluginManager: Mounting plugin MediaCompositing
LogPluginManager: Mounting plugin MediaPlayerEditor
LogPluginManager: Mounting plugin WebMMedia
LogPluginManager: Mounting plugin WmfMedia
LogPluginManager: Mounting plugin ActorSequence
LogPluginManager: Mounting plugin LevelSequenceEditor
LogPluginManager: Mounting plugin MatineeToLevelSequence
LogPluginManager: Mounting plugin TemplateSequence
LogPluginManager: Mounting plugin TcpMessaging
LogPluginManager: Mounting plugin UdpMessaging
LogPluginManager: Mounting plugin LauncherChunkInstaller
LogPluginManager: Mounting plugin OnlineSubsystem
LogPluginManager: Mounting plugin OnlineSubsystemNull
LogPluginManager: Mounting plugin OnlineSubsystemUtils
LogPluginManager: Mounting plugin ActorLayerUtilities
LogPluginManager: Mounting plugin AndroidDeviceProfileSelector
LogPluginManager: Mounting plugin AndroidMoviePlayer
LogPluginManager: Mounting plugin AndroidPermission
LogPluginManager: Mounting plugin AppleMoviePlayer
LogPluginManager: Mounting plugin AppleImageUtils
LogPluginManager: Mounting plugin ArchVisCharacter
LogPluginManager: Mounting plugin AssetTags
LogPluginManager: Mounting plugin AudioCapture
LogPluginManager: Mounting plugin AudioSynesthesia
LogPluginManager: Mounting plugin CableComponent
LogPluginManager: Mounting plugin CustomMeshComponent
LogPluginManager: Mounting plugin ChunkDownloader
LogPluginManager: Mounting plugin EditableMesh
LogPluginManager: Mounting plugin ExampleDeviceProfileSelector
LogPluginManager: Mounting plugin ScreenshotTools
LogPluginManager: Mounting plugin GooglePAD
LogPluginManager: Mounting plugin GoogleCloudMessaging
LogPluginManager: Mounting plugin HairStrands
LogPluginManager: Mounting plugin IOSDeviceProfileSelector
LogPluginManager: Mounting plugin LinuxDeviceProfileSelector
LogPluginManager: Mounting plugin LocationServicesBPLibrary
LogPluginManager: Mounting plugin MobilePatchingUtils
LogPluginManager: Mounting plugin OpenXR
LogPluginManager: Mounting plugin OpenXREyeTracker
LogPluginManager: Mounting plugin OpenXRHandTracking
LogPluginManager: Mounting plugin RuntimePhysXCooking
LogPluginManager: Mounting plugin Takes
LogPluginManager: Mounting plugin PhysXVehicles
LogPluginManager: Mounting plugin PostSplashScreen
LogPluginManager: Mounting plugin ProceduralMeshComponent
LogPluginManager: Mounting plugin PropertyAccessEditor
LogPluginManager: Mounting plugin SignificanceManager
LogPluginManager: Mounting plugin SoundFields
LogPluginManager: Mounting plugin Synthesis
LogPluginManager: Mounting plugin WebMMoviePlayer
LogPluginManager: Mounting plugin WindowsMoviePlayer
LogPluginManager: Mounting plugin ContentBrowserAssetDataSource
LogPluginManager: Mounting plugin ContentBrowserFileDataSource
LogPluginManager: Mounting plugin ContentBrowserClassDataSource
LogPluginManager: Mounting plugin OnlineSubsystemGooglePlay
LogPluginManager: Mounting plugin OnlineSubsystemIOS
LogPluginManager: Mounting plugin OculusVR
LogPluginManager: Mounting plugin SteamVR
PixWinPlugin: PIX capture plugin failed to initialize! Check that the process is launched from PIX.
LogInit: Using libcurl 7.55.1-DEV
LogInit:  - built for x86_64-pc-win32
LogInit:  - supports SSL with OpenSSL/1.1.1
LogInit:  - supports HTTP deflate (compression) using libz 1.2.8
LogInit:  - other features:
LogInit:      CURL_VERSION_SSL
LogInit:      CURL_VERSION_LIBZ
LogInit:      CURL_VERSION_IPV6
LogInit:      CURL_VERSION_ASYNCHDNS
LogInit:      CURL_VERSION_LARGEFILE
LogInit:      CURL_VERSION_IDN
LogInit:  CurlRequestOptions (configurable via config and command line):
LogInit:  - bVerifyPeer = true  - Libcurl will verify peer certificate
LogInit:  - bUseHttpProxy = false  - Libcurl will NOT use HTTP proxy
LogInit:  - bDontReuseConnections = false  - Libcurl will reuse connections
LogInit:  - MaxHostConnections = 16  - Libcurl will limit the number of connections to a host
LogInit:  - LocalHostAddr = Default
LogInit:  - BufferSize = 65536
LogOnline: OSS: Creating online subsystem instance for: NULL
LogInit: WinSock: version 1.1 (2.2), MaxSocks=32767, MaxUdp=65467
LogOnline: OSS: TryLoadSubsystemAndSetDefault: Loaded subsystem for module [NULL]
LogOculusPluginWrapper: OculusPlugin initialized successfully
LogHMD: Failed initializing OVRPlugin 1.59.0
LogInit: Build: ++UE4+Release-4.27-CL-18319896
LogInit: Engine Version: 4.27.2-18319896+++UE4+Release-4.27
LogInit: Compatible Engine Version: 4.27.0-17155196+++UE4+Release-4.27
LogInit: Net CL: 17155196
LogInit: OS: Windows 10 (Release 2009) (), CPU: 11th Gen Intel(R) Core(TM) i5-11400H @ 2.70GHz, GPU: Intel(R) UHD Graphics
LogInit: Compiled (64-bit): Nov 30 2021 07:12:08
LogInit: Compiled with Visual C++: 19.24.28315.00
LogInit: Build Configuration: Development
LogInit: Branch Name: ++UE4+Release-4.27
LogInit: Command Line: 
LogInit: Base Directory: C:/Program Files/Epic Games/UE_4.27/Engine/Binaries/Win64/
LogInit: Allocator: TBB
LogInit: Installed Engine Build: 1
LogDevObjectVersion: Number of dev versions registered: 29
LogDevObjectVersion:   Dev-Blueprints (B0D832E4-1F89-4F0D-ACCF-7EB736FD4AA2): 10
LogDevObjectVersion:   Dev-Build (E1C64328-A22C-4D53-A36C-8E866417BD8C): 0
LogDevObjectVersion:   Dev-Core (375EC13C-06E4-48FB-B500-84F0262A717E): 4
LogDevObjectVersion:   Dev-Editor (E4B068ED-F494-42E9-A231-DA0B2E46BB41): 40
LogDevObjectVersion:   Dev-Framework (CFFC743F-43B0-4480-9391-14DF171D2073): 37
LogDevObjectVersion:   Dev-Mobile (B02B49B5-BB20-44E9-A304-32B752E40360): 3
LogDevObjectVersion:   Dev-Networking (A4E4105C-59A1-49B5-A7C5-40C4547EDFEE): 0
LogDevObjectVersion:   Dev-Online (39C831C9-5AE6-47DC-9A44-9C173E1C8E7C): 0
LogDevObjectVersion:   Dev-Physics (78F01B33-EBEA-4F98-B9B4-84EACCB95AA2): 14
LogDevObjectVersion:   Dev-Platform (6631380F-2D4D-43E0-8009-CF276956A95A): 0
LogDevObjectVersion:   Dev-Rendering (12F88B9F-8875-4AFC-A67C-D90C383ABD29): 45
LogDevObjectVersion:   Dev-Sequencer (7B5AE74C-D270-4C10-A958-57980B212A5A): 13
LogDevObjectVersion:   Dev-VR (D7296918-1DD6-4BDD-9DE2-64A83CC13884): 3
LogDevObjectVersion:   Dev-LoadTimes (C2A15278-BFE7-4AFE-6C17-90FF531DF755): 1
LogDevObjectVersion:   Private-Geometry (6EACA3D4-40EC-4CC1-B786-8BED09428FC5): 3
LogDevObjectVersion:   Dev-AnimPhys (29E575DD-E0A3-4627-9D10-D276232CDCEA): 17
LogDevObjectVersion:   Dev-Anim (AF43A65D-7FD3-4947-9873-3E8ED9C1BB05): 15
LogDevObjectVersion:   Dev-ReflectionCapture (6B266CEC-1EC7-4B8F-A30B-E4D90942FC07): 1
LogDevObjectVersion:   Dev-Automation (0DF73D61-A23F-47EA-B727-89E90C41499A): 1
LogDevObjectVersion:   FortniteMain (601D1886-AC64-4F84-AA16-D3DE0DEAC7D6): 47
LogDevObjectVersion:   FortniteRelease (E7086368-6B23-4C58-8439-1B7016265E91): 1
LogDevObjectVersion:   Dev-Enterprise (9DFFBCD6-494F-0158-E221-12823C92A888): 10
LogDevObjectVersion:   Dev-Niagara (F2AED0AC-9AFE-416F-8664-AA7FFA26D6FC): 1
LogDevObjectVersion:   Dev-Destruction (174F1F0B-B4C6-45A5-B13F-2EE8D0FB917D): 10
LogDevObjectVersion:   Dev-Physics-Ext (35F94A83-E258-406C-A318-09F59610247C): 41
LogDevObjectVersion:   Dev-PhysicsMaterial-Chaos (B68FC16E-8B1B-42E2-B453-215C058844FE): 1
LogDevObjectVersion:   Dev-CineCamera (B2E18506-4273-CFC2-A54E-F4BB758BBA07): 1
LogDevObjectVersion:   Dev-VirtualProduction (64F58936-FD1B-42BA-BA96-7289D5D0FA4E): 1
LogDevObjectVersion:   Dev-MediaFramework (6F0ED827-A609-4895-9C91-998D90180EA4): 2
LogInit: Presizing for max 25165824 objects, including 0 objects not considered by GC, pre-allocating 0 bytes for permanent pool.
LogConfig: Applying CVar settings from Section [/Script/Engine.StreamingSettings] File [C:/Users/Jack/Documents/GitHub/ProgressiveGamesProject/ProgressiveGamesProject/ProgGameProject/Saved/Config/Windows/Engine.ini]
LogConfig: Setting CVar [[s.MinBulkDataSizeForAsyncLoading:131072]]
LogConfig: Setting CVar [[s.AsyncLoadingThreadEnabled:0]]
LogConfig: Setting CVar [[s.EventDrivenLoaderEnabled:1]]
LogConfig: Setting CVar [[s.WarnIfTimeLimitExceeded:0]]
LogConfig: Setting CVar [[s.TimeLimitExceededMultiplier:1.5]]
LogConfig: Setting CVar [[s.TimeLimitExceededMinTime:0.005]]
LogConfig: Setting CVar [[s.UseBackgroundLevelStreaming:1]]
LogConfig: Setting CVar [[s.PriorityAsyncLoadingExtraTime:15.0]]
LogConfig: Setting CVar [[s.LevelStreamingActorsUpdateTimeLimit:5.0]]
LogConfig: Setting CVar [[s.PriorityLevelStreamingActorsUpdateExtraTime:5.0]]
LogConfig: Setting CVar [[s.LevelStreamingComponentsRegistrationGranularity:10]]
LogConfig: Setting CVar [[s.UnregisterComponentsTimeLimit:1.0]]
LogConfig: Setting CVar [[s.LevelStreamingComponentsUnregistrationGranularity:5]]
LogConfig: Setting CVar [[s.FlushStreamingOnExit:1]]
LogInit: Object subsystem initialized
LogConfig: Setting CVar [[con.DebugEarlyDefault:1]]
LogConfig: Setting CVar [[r.setres:1280x720]]
LogConfig: Setting CVar [[fx.NiagaraAllowRuntimeScalabilityChanges:1]]
[2023.02.24-10.05.30:871][  0]LogConfig: Setting CVar [[r.VSync:0]]
[2023.02.24-10.05.30:871][  0]LogConfig: Setting CVar [[r.RHICmdBypass:0]]
[2023.02.24-10.05.30:871][  0]LogConfig: Applying CVar settings from Section [/Script/Engine.RendererSettings] File [C:/Users/Jack/Documents/GitHub/ProgressiveGamesProject/ProgressiveGamesProject/ProgGameProject/Saved/Config/Windows/Engine.ini]
[2023.02.24-10.05.30:871][  0]LogConfig: Setting CVar [[r.GPUCrashDebugging:0]]
[2023.02.24-10.05.30:871][  0]LogConfig: Setting CVar [[r.SkinCache.CompileShaders:1]]
[2023.02.24-10.05.30:871][  0]LogConfig: Applying CVar settings from Section [/Script/Engine.RendererOverrideSettings] File [C:/Users/Jack/Documents/GitHub/ProgressiveGamesProject/ProgressiveGamesProject/ProgGameProject/Saved/Config/Windows/Engine.ini]
[2023.02.24-10.05.30:871][  0]LogConfig: Applying CVar settings from Section [/Script/Engine.StreamingSettings] File [C:/Users/Jack/Documents/GitHub/ProgressiveGamesProject/ProgressiveGamesProject/ProgGameProject/Saved/Config/Windows/Engine.ini]
[2023.02.24-10.05.30:871][  0]LogConfig: Setting CVar [[s.MinBulkDataSizeForAsyncLoading:131072]]
[2023.02.24-10.05.30:871][  0]LogConfig: Setting CVar [[s.AsyncLoadingThreadEnabled:0]]
[2023.02.24-10.05.30:871][  0]LogConfig: Setting CVar [[s.EventDrivenLoaderEnabled:1]]
[2023.02.24-10.05.30:871][  0]LogConfig: Setting CVar [[s.WarnIfTimeLimitExceeded:0]]
[2023.02.24-10.05.30:871][  0]LogConfig: Setting CVar [[s.TimeLimitExceededMultiplier:1.5]]
[2023.02.24-10.05.30:871][  0]LogConfig: Setting CVar [[s.TimeLimitExceededMinTime:0.005]]
[2023.02.24-10.05.30:871][  0]LogConfig: Setting CVar [[s.UseBackgroundLevelStreaming:1]]
[2023.02.24-10.05.30:871][  0]LogConfig: Setting CVar [[s.PriorityAsyncLoadingExtraTime:15.0]]
[2023.02.24-10.05.30:871][  0]LogConfig: Setting CVar [[s.LevelStreamingActorsUpdateTimeLimit:5.0]]
[2023.02.24-10.05.30:871][  0]LogConfig: Setting CVar [[s.PriorityLevelStreamingActorsUpdateExtraTime:5.0]]
[2023.02.24-10.05.30:871][  0]LogConfig: Setting CVar [[s.LevelStreamingComponentsRegistrationGranularity:10]]
[2023.02.24-10.05.30:871][  0]LogConfig: Setting CVar [[s.UnregisterComponentsTimeLimit:1.0]]
[2023.02.24-10.05.30:871][  0]LogConfig: Setting CVar [[s.LevelStreamingComponentsUnregistrationGranularity:5]]
[2023.02.24-10.05.30:871][  0]LogConfig: Setting CVar [[s.FlushStreamingOnExit:1]]
[2023.02.24-10.05.30:871][  0]LogConfig: Applying CVar settings from Section [/Script/Engine.GarbageCollectionSettings] File [C:/Users/Jack/Documents/GitHub/ProgressiveGamesProject/ProgressiveGamesProject/ProgGameProject/Saved/Config/Windows/Engine.ini]
[2023.02.24-10.05.30:871][  0]LogConfig: Setting CVar [[gc.MaxObjectsNotConsideredByGC:1]]
[2023.02.24-10.05.30:871][  0]LogConfig: Setting CVar [[gc.SizeOfPermanentObjectPool:0]]
[2023.02.24-10.05.30:871][  0]LogConfig: Setting CVar [[gc.FlushStreamingOnGC:0]]
[2023.02.24-10.05.30:871][  0]LogConfig: Setting CVar [[gc.NumRetriesBeforeForcingGC:10]]
[2023.02.24-10.05.30:871][  0]LogConfig: Setting CVar [[gc.AllowParallelGC:1]]
[2023.02.24-10.05.30:871][  0]LogConfig: Setting CVar [[gc.TimeBetweenPurgingPendingKillObjects:61.1]]
[2023.02.24-10.05.30:871][  0]LogConfig: Setting CVar [[gc.MaxObjectsInEditor:25165824]]
[2023.02.24-10.05.30:871][  0]LogConfig: Setting CVar [[gc.IncrementalBeginDestroyEnabled:1]]
[2023.02.24-10.05.30:871][  0]LogConfig: Setting CVar [[gc.CreateGCClusters:1]]
[2023.02.24-10.05.30:871][  0]LogConfig: Setting CVar [[gc.MinGCClusterSize:5]]
[2023.02.24-10.05.30:871][  0]LogConfig: Setting CVar [[gc.ActorClusteringEnabled:0]]
[2023.02.24-10.05.30:871][  0]LogConfig: Setting CVar [[gc.BlueprintClusteringEnabled:0]]
[2023.02.24-10.05.30:871][  0]LogConfig: Setting CVar [[gc.UseDisregardForGCOnDedicatedServers:0]]
[2023.02.24-10.05.30:871][  0]LogConfig: Setting CVar [[gc.MultithreadedDestructionEnabled:1]]
[2023.02.24-10.05.30:871][  0]LogConfig: Applying CVar settings from Section [/Script/Engine.NetworkSettings] File [C:/Users/Jack/Documents/GitHub/ProgressiveGamesProject/ProgressiveGamesProject/ProgGameProject/Saved/Config/Windows/Engine.ini]
[2023.02.24-10.05.30:871][  0]LogConfig: Applying CVar settings from Section [/Script/UnrealEd.CookerSettings] File [C:/Users/Jack/Documents/GitHub/ProgressiveGamesProject/ProgressiveGamesProject/ProgGameProject/Saved/Config/Windows/Engine.ini]
[2023.02.24-10.05.30:876][  0]LogConfig: Applying CVar settings from Section [ViewDistanceQuality@3] File [C:/Users/Jack/Documents/GitHub/ProgressiveGamesProject/ProgressiveGamesProject/ProgGameProject/Saved/Config/Windows/Scalability.ini]
[2023.02.24-10.05.30:876][  0]LogConfig: Setting CVar [[r.SkeletalMeshLODBias:0]]
[2023.02.24-10.05.30:876][  0]LogConfig: Setting CVar [[r.ViewDistanceScale:1.0]]
[2023.02.24-10.05.30:876][  0]LogConfig: Applying CVar settings from Section [AntiAliasingQuality@3] File [C:/Users/Jack/Documents/GitHub/ProgressiveGamesProject/ProgressiveGamesProject/ProgGameProject/Saved/Config/Windows/Scalability.ini]
[2023.02.24-10.05.30:876][  0]LogConfig: Setting CVar [[r.PostProcessAAQuality:4]]
[2023.02.24-10.05.30:876][  0]LogConfig: Applying CVar settings from Section [ShadowQuality@3] File [C:/Users/Jack/Documents/GitHub/ProgressiveGamesProject/ProgressiveGamesProject/ProgGameProject/Saved/Config/Windows/Scalability.ini]
[2023.02.24-10.05.30:876][  0]LogConfig: Setting CVar [[r.LightFunctionQuality:1]]
[2023.02.24-10.05.30:876][  0]LogConfig: Setting CVar [[r.ShadowQuality:5]]
[2023.02.24-10.05.30:876][  0]LogConfig: Setting CVar [[r.Shadow.CSM.MaxCascades:10]]
[2023.02.24-10.05.30:876][  0]LogConfig: Setting CVar [[r.Shadow.MaxResolution:2048]]
[2023.02.24-10.05.30:876][  0]LogConfig: Setting CVar [[r.Shadow.MaxCSMResolution:2048]]
[2023.02.24-10.05.30:876][  0]LogConfig: Setting CVar [[r.Shadow.RadiusThreshold:0.01]]
[2023.02.24-10.05.30:876][  0]LogConfig: Setting CVar [[r.Shadow.DistanceScale:1.0]]
[2023.02.24-10.05.30:876][  0]LogConfig: Setting CVar [[r.Shadow.CSM.TransitionScale:1.0]]
[2023.02.24-10.05.30:876][  0]LogConfig: Setting CVar [[r.Shadow.PreShadowResolutionFactor:1.0]]
[2023.02.24-10.05.30:876][  0]LogConfig: Setting CVar [[r.DistanceFieldShadowing:1]]
[2023.02.24-10.05.30:876][  0]LogConfig: Setting CVar [[r.DistanceFieldAO:1]]
[2023.02.24-10.05.30:876][  0]LogConfig: Setting CVar [[r.AOQuality:2]]
[2023.02.24-10.05.30:876][  0]LogConfig: Setting CVar [[r.VolumetricFog:1]]
[2023.02.24-10.05.30:876][  0]LogConfig: Setting CVar [[r.VolumetricFog.GridPixelSize:8]]
[2023.02.24-10.05.30:876][  0]LogConfig: Setting CVar [[r.VolumetricFog.GridSizeZ:128]]
[2023.02.24-10.05.30:876][  0]LogConfig: Setting CVar [[r.VolumetricFog.HistoryMissSupersampleCount:4]]
[2023.02.24-10.05.30:876][  0]LogConfig: Setting CVar [[r.LightMaxDrawDistanceScale:1]]
[2023.02.24-10.05.30:876][  0]LogConfig: Setting CVar [[r.CapsuleShadows:1]]
[2023.02.24-10.05.30:876][  0]LogConfig: Applying CVar settings from Section [PostProcessQuality@3] File [C:/Users/Jack/Documents/GitHub/ProgressiveGamesProject/ProgressiveGamesProject/ProgGameProject/Saved/Config/Windows/Scalability.ini]
[2023.02.24-10.05.30:876][  0]LogConfig: Setting CVar [[r.MotionBlurQuality:4]]
[2023.02.24-10.05.30:876][  0]LogConfig: Setting CVar [[r.AmbientOcclusionMipLevelFactor:0.4]]
[2023.02.24-10.05.30:876][  0]LogConfig: Setting CVar [[r.AmbientOcclusionMaxQuality:100]]
[2023.02.24-10.05.30:876][  0]LogConfig: Setting CVar [[r.AmbientOcclusionLevels:-1]]
[2023.02.24-10.05.30:876][  0]LogConfig: Setting CVar [[r.AmbientOcclusionRadiusScale:1.0]]
[2023.02.24-10.05.30:876][  0]LogConfig: Setting CVar [[r.DepthOfFieldQuality:2]]
[2023.02.24-10.05.30:876][  0]LogConfig: Setting CVar [[r.RenderTargetPoolMin:400]]
[2023.02.24-10.05.30:876][  0]LogConfig: Setting CVar [[r.LensFlareQuality:2]]
[2023.02.24-10.05.30:876][  0]LogConfig: Setting CVar [[r.SceneColorFringeQuality:1]]
[2023.02.24-10.05.30:876][  0]LogConfig: Setting CVar [[r.EyeAdaptationQuality:2]]
[2023.02.24-10.05.30:876][  0]LogConfig: Setting CVar [[r.BloomQuality:5]]
[2023.02.24-10.05.30:876][  0]LogConfig: Setting CVar [[r.FastBlurThreshold:100]]
[2023.02.24-10.05.30:876][  0]LogConfig: Setting CVar [[r.Upscale.Quality:3]]
[2023.02.24-10.05.30:876][  0]LogConfig: Setting CVar [[r.Tonemapper.GrainQuantization:1]]
[2023.02.24-10.05.30:876][  0]LogConfig: Setting CVar [[r.LightShaftQuality:1]]
[2023.02.24-10.05.30:876][  0]LogConfig: Setting CVar [[r.Filter.SizeScale:1]]
[2023.02.24-10.05.30:876][  0]LogConfig: Setting CVar [[r.Tonemapper.Quality:5]]
[2023.02.24-10.05.30:876][  0]LogConfig: Setting CVar [[r.DOF.Gather.AccumulatorQuality:1        ; higher gathering accumulator quality]]
[2023.02.24-10.05.30:876][  0]LogConfig: Setting CVar [[r.DOF.Gather.PostfilterMethod:1          ; Median3x3 postfilering method]]
[2023.02.24-10.05.30:876][  0]LogConfig: Setting CVar [[r.DOF.Gather.EnableBokehSettings:0       ; no bokeh simulation when gathering]]
[2023.02.24-10.05.30:876][  0]LogConfig: Setting CVar [[r.DOF.Gather.RingCount:4                 ; medium number of samples when gathering]]
[2023.02.24-10.05.30:876][  0]LogConfig: Setting CVar [[r.DOF.Scatter.ForegroundCompositing:1    ; additive foreground scattering]]
[2023.02.24-10.05.30:876][  0]LogConfig: Setting CVar [[r.DOF.Scatter.BackgroundCompositing:2    ; additive background scattering]]
[2023.02.24-10.05.30:876][  0]LogConfig: Setting CVar [[r.DOF.Scatter.EnableBokehSettings:1      ; bokeh simulation when scattering]]
[2023.02.24-10.05.30:876][  0]LogConfig: Setting CVar [[r.DOF.Scatter.MaxSpriteRatio:0.1         ; only a maximum of 10% of scattered bokeh]]
[2023.02.24-10.05.30:876][  0]LogConfig: Setting CVar [[r.DOF.Recombine.Quality:1                ; cheap slight out of focus]]
[2023.02.24-10.05.30:876][  0]LogConfig: Setting CVar [[r.DOF.Recombine.EnableBokehSettings:0    ; no bokeh simulation on slight out of focus]]
[2023.02.24-10.05.30:876][  0]LogConfig: Setting CVar [[r.DOF.TemporalAAQuality:1                ; more stable temporal accumulation]]
[2023.02.24-10.05.30:876][  0]LogConfig: Setting CVar [[r.DOF.Kernel.MaxForegroundRadius:0.025]]
[2023.02.24-10.05.30:876][  0]LogConfig: Setting CVar [[r.DOF.Kernel.MaxBackgroundRadius:0.025]]
[2023.02.24-10.05.30:876][  0]LogConfig: Applying CVar settings from Section [TextureQuality@3] File [C:/Users/Jack/Documents/GitHub/ProgressiveGamesProject/ProgressiveGamesProject/ProgGameProject/Saved/Config/Windows/Scalability.ini]
[2023.02.24-10.05.30:876][  0]LogConfig: Setting CVar [[r.Streaming.MipBias:0]]
[2023.02.24-10.05.30:876][  0]LogConfig: Setting CVar [[r.Streaming.AmortizeCPUToGPUCopy:0]]
[2023.02.24-10.05.30:876][  0]LogConfig: Setting CVar [[r.Streaming.MaxNumTexturesToStreamPerFrame:0]]
[2023.02.24-10.05.30:876][  0]LogConfig: Setting CVar [[r.Streaming.Boost:1]]
[2023.02.24-10.05.30:876][  0]LogConfig: Setting CVar [[r.MaxAnisotropy:8]]
[2023.02.24-10.05.30:876][  0]LogConfig: Setting CVar [[r.VT.MaxAnisotropy:8]]
[2023.02.24-10.05.30:876][  0]LogConfig: Setting CVar [[r.Streaming.LimitPoolSizeToVRAM:0]]
[2023.02.24-10.05.30:877][  0]LogConfig: Setting CVar [[r.Streaming.PoolSize:1000]]
[2023.02.24-10.05.30:877][  0]LogConfig: Setting CVar [[r.Streaming.MaxEffectiveScreenSize:0]]
[2023.02.24-10.05.30:877][  0]LogConfig: Applying CVar settings from Section [EffectsQuality@3] File [C:/Users/Jack/Documents/GitHub/ProgressiveGamesProject/ProgressiveGamesProject/ProgGameProject/Saved/Config/Windows/Scalability.ini]
[2023.02.24-10.05.30:877][  0]LogConfig: Setting CVar [[r.TranslucencyLightingVolumeDim:64]]
[2023.02.24-10.05.30:877][  0]LogConfig: Setting CVar [[r.RefractionQuality:2]]
[2023.02.24-10.05.30:877][  0]LogConfig: Setting CVar [[r.SSR.Quality:3]]
[2023.02.24-10.05.30:877][  0]LogConfig: Setting CVar [[r.SSR.HalfResSceneColor:0]]
[2023.02.24-10.05.30:877][  0]LogConfig: Setting CVar [[r.SceneColorFormat:4]]
[2023.02.24-10.05.30:877][  0]LogConfig: Setting CVar [[r.DetailMode:2]]
[2023.02.24-10.05.30:877][  0]LogConfig: Setting CVar [[r.TranslucencyVolumeBlur:1]]
[2023.02.24-10.05.30:877][  0]LogConfig: Setting CVar [[r.MaterialQualityLevel:1 ; High quality]]
[2023.02.24-10.05.30:877][  0]LogConfig: Setting CVar [[r.AnisotropicMaterials:1]]
[2023.02.24-10.05.30:877][  0]LogConfig: Setting CVar [[r.SSS.Scale:1]]
[2023.02.24-10.05.30:877][  0]LogConfig: Setting CVar [[r.SSS.SampleSet:2]]
[2023.02.24-10.05.30:877][  0]LogConfig: Setting CVar [[r.SSS.Quality:1]]
[2023.02.24-10.05.30:877][  0]LogConfig: Setting CVar [[r.SSS.HalfRes:0]]
[2023.02.24-10.05.30:877][  0]LogConfig: Setting CVar [[r.SSGI.Quality:3]]
[2023.02.24-10.05.30:877][  0]LogConfig: Setting CVar [[r.EmitterSpawnRateScale:1.0]]
[2023.02.24-10.05.30:877][  0]LogConfig: Setting CVar [[r.ParticleLightQuality:2]]
[2023.02.24-10.05.30:877][  0]LogConfig: Setting CVar [[r.SkyAtmosphere.AerialPerspectiveLUT.FastApplyOnOpaque:1 ; Always have FastSkyLUT 1 in this case to avoid wrong sky]]
[2023.02.24-10.05.30:877][  0]LogConfig: Setting CVar [[r.SkyAtmosphere.AerialPerspectiveLUT.SampleCountMaxPerSlice:4]]
[2023.02.24-10.05.30:877][  0]LogConfig: Setting CVar [[r.SkyAtmosphere.AerialPerspectiveLUT.DepthResolution:16.0]]
[2023.02.24-10.05.30:877][  0]LogConfig: Setting CVar [[r.SkyAtmosphere.FastSkyLUT:1]]
[2023.02.24-10.05.30:877][  0]LogConfig: Setting CVar [[r.SkyAtmosphere.FastSkyLUT.SampleCountMin:4.0]]
[2023.02.24-10.05.30:877][  0]LogConfig: Setting CVar [[r.SkyAtmosphere.FastSkyLUT.SampleCountMax:128.0]]
[2023.02.24-10.05.30:877][  0]LogConfig: Setting CVar [[r.SkyAtmosphere.SampleCountMin:4.0]]
[2023.02.24-10.05.30:877][  0]LogConfig: Setting CVar [[r.SkyAtmosphere.SampleCountMax:128.0]]
[2023.02.24-10.05.30:877][  0]LogConfig: Setting CVar [[r.SkyAtmosphere.TransmittanceLUT.UseSmallFormat:0]]
[2023.02.24-10.05.30:877][  0]LogConfig: Setting CVar [[r.SkyAtmosphere.TransmittanceLUT.SampleCount:10.0]]
[2023.02.24-10.05.30:877][  0]LogConfig: Setting CVar [[r.SkyAtmosphere.MultiScatteringLUT.SampleCount:15.0]]
[2023.02.24-10.05.30:877][  0]LogConfig: Setting CVar [[r.SkyLight.RealTimeReflectionCapture:1]]
[2023.02.24-10.05.30:877][  0]LogConfig: Setting CVar [[fx.Niagara.QualityLevel:3]]
[2023.02.24-10.05.30:877][  0]LogConfig: Applying CVar settings from Section [FoliageQuality@3] File [C:/Users/Jack/Documents/GitHub/ProgressiveGamesProject/ProgressiveGamesProject/ProgGameProject/Saved/Config/Windows/Scalability.ini]
[2023.02.24-10.05.30:877][  0]LogConfig: Setting CVar [[foliage.DensityScale:1.0]]
[2023.02.24-10.05.30:877][  0]LogConfig: Setting CVar [[grass.DensityScale:1.0]]
[2023.02.24-10.05.30:877][  0]LogConfig: Applying CVar settings from Section [ShadingQuality@3] File [C:/Users/Jack/Documents/GitHub/ProgressiveGamesProject/ProgressiveGamesProject/ProgGameProject/Saved/Config/Windows/Scalability.ini]
[2023.02.24-10.05.30:877][  0]LogConfig: Setting CVar [[r.HairStrands.SkyLighting.IntegrationType:2]]
[2023.02.24-10.05.30:877][  0]LogConfig: Setting CVar [[r.HairStrands.SkyAO.SampleCount:4]]
[2023.02.24-10.05.30:877][  0]LogConfig: Setting CVar [[r.HairStrands.Visibility.MSAA.SamplePerPixel:4]]
[2023.02.24-10.05.30:877][  0]LogConfig: Setting CVar [[r.HairStrands.Interpolation.UseSingleGuide:0]]
[2023.02.24-10.05.30:877][  0]LogInit: Selected Device Profile: [Windows]
[2023.02.24-10.05.30:877][  0]LogInit: Applying CVar settings loaded from the selected device profile: [Windows]
[2023.02.24-10.05.30:877][  0]LogHAL: Display: Platform has ~ 8 GB [8341741568 / 8589934592 / 8], which maps to Default [LargestMinGB=32, LargerMinGB=12, DefaultMinGB=8, SmallerMinGB=6, SmallestMinGB=0)
[2023.02.24-10.05.30:877][  0]LogInit: Going up to parent DeviceProfile []
[2023.02.24-10.05.30:877][  0]LogConfig: Applying CVar settings from Section [ViewDistanceQuality@3] File [C:/Users/Jack/Documents/GitHub/ProgressiveGamesProject/ProgressiveGamesProject/ProgGameProject/Saved/Config/Windows/Scalability.ini]
[2023.02.24-10.05.30:877][  0]LogConfig: Setting CVar [[r.SkeletalMeshLODBias:0]]
[2023.02.24-10.05.30:877][  0]LogConfig: Setting CVar [[r.ViewDistanceScale:1.0]]
[2023.02.24-10.05.30:877][  0]LogConfig: Applying CVar settings from Section [AntiAliasingQuality@3] File [C:/Users/Jack/Documents/GitHub/ProgressiveGamesProject/ProgressiveGamesProject/ProgGameProject/Saved/Config/Windows/Scalability.ini]
[2023.02.24-10.05.30:877][  0]LogConfig: Setting CVar [[r.PostProcessAAQuality:4]]
[2023.02.24-10.05.30:877][  0]LogConfig: Applying CVar settings from Section [ShadowQuality@3] File [C:/Users/Jack/Documents/GitHub/ProgressiveGamesProject/ProgressiveGamesProject/ProgGameProject/Saved/Config/Windows/Scalability.ini]
[2023.02.24-10.05.30:877][  0]LogConfig: Setting CVar [[r.LightFunctionQuality:1]]
[2023.02.24-10.05.30:877][  0]LogConfig: Setting CVar [[r.ShadowQuality:5]]
[2023.02.24-10.05.30:877][  0]LogConfig: Setting CVar [[r.Shadow.CSM.MaxCascades:10]]
[2023.02.24-10.05.30:877][  0]LogConfig: Setting CVar [[r.Shadow.MaxResolution:2048]]
[2023.02.24-10.05.30:877][  0]LogConfig: Setting CVar [[r.Shadow.MaxCSMResolution:2048]]
[2023.02.24-10.05.30:877][  0]LogConfig: Setting CVar [[r.Shadow.RadiusThreshold:0.01]]
[2023.02.24-10.05.30:877][  0]LogConfig: Setting CVar [[r.Shadow.DistanceScale:1.0]]
[2023.02.24-10.05.30:877][  0]LogConfig: Setting CVar [[r.Shadow.CSM.TransitionScale:1.0]]
[2023.02.24-10.05.30:877][  0]LogConfig: Setting CVar [[r.Shadow.PreShadowResolutionFactor:1.0]]
[2023.02.24-10.05.30:877][  0]LogConfig: Setting CVar [[r.DistanceFieldShadowing:1]]
[2023.02.24-10.05.30:877][  0]LogConfig: Setting CVar [[r.DistanceFieldAO:1]]
[2023.02.24-10.05.30:877][  0]LogConfig: Setting CVar [[r.AOQuality:2]]
[2023.02.24-10.05.30:877][  0]LogConfig: Setting CVar [[r.VolumetricFog:1]]
[2023.02.24-10.05.30:877][  0]LogConfig: Setting CVar [[r.VolumetricFog.GridPixelSize:8]]
[2023.02.24-10.05.30:877][  0]LogConfig: Setting CVar [[r.VolumetricFog.GridSizeZ:128]]
[2023.02.24-10.05.30:877][  0]LogConfig: Setting CVar [[r.VolumetricFog.HistoryMissSupersampleCount:4]]
[2023.02.24-10.05.30:877][  0]LogConfig: Setting CVar [[r.LightMaxDrawDistanceScale:1]]
[2023.02.24-10.05.30:877][  0]LogConfig: Setting CVar [[r.CapsuleShadows:1]]
[2023.02.24-10.05.30:877][  0]LogConfig: Applying CVar settings from Section [PostProcessQuality@3] File [C:/Users/Jack/Documents/GitHub/ProgressiveGamesProject/ProgressiveGamesProject/ProgGameProject/Saved/Config/Windows/Scalability.ini]
[2023.02.24-10.05.30:877][  0]LogConfig: Setting CVar [[r.MotionBlurQuality:4]]
[2023.02.24-10.05.30:877][  0]LogConfig: Setting CVar [[r.AmbientOcclusionMipLevelFactor:0.4]]
[2023.02.24-10.05.30:877][  0]LogConfig: Setting CVar [[r.AmbientOcclusionMaxQuality:100]]
[2023.02.24-10.05.30:877][  0]LogConfig: Setting CVar [[r.AmbientOcclusionLevels:-1]]
[2023.02.24-10.05.30:877][  0]LogConfig: Setting CVar [[r.AmbientOcclusionRadiusScale:1.0]]
[2023.02.24-10.05.30:877][  0]LogConfig: Setting CVar [[r.DepthOfFieldQuality:2]]
[2023.02.24-10.05.30:877][  0]LogConfig: Setting CVar [[r.RenderTargetPoolMin:400]]
[2023.02.24-10.05.30:877][  0]LogConfig: Setting CVar [[r.LensFlareQuality:2]]
[2023.02.24-10.05.30:877][  0]LogConfig: Setting CVar [[r.SceneColorFringeQuality:1]]
[2023.02.24-10.05.30:877][  0]LogConfig: Setting CVar [[r.EyeAdaptationQuality:2]]
[2023.02.24-10.05.30:877][  0]LogConfig: Setting CVar [[r.BloomQuality:5]]
[2023.02.24-10.05.30:877][  0]LogConfig: Setting CVar [[r.FastBlurThreshold:100]]
[2023.02.24-10.05.30:877][  0]LogConfig: Setting CVar [[r.Upscale.Quality:3]]
[2023.02.24-10.05.30:877][  0]LogConfig: Setting CVar [[r.Tonemapper.GrainQuantization:1]]
[2023.02.24-10.05.30:877][  0]LogConfig: Setting CVar [[r.LightShaftQuality:1]]
[2023.02.24-10.05.30:877][  0]LogConfig: Setting CVar [[r.Filter.SizeScale:1]]
[2023.02.24-10.05.30:877][  0]LogConfig: Setting CVar [[r.Tonemapper.Quality:5]]
[2023.02.24-10.05.30:877][  0]LogConfig: Setting CVar [[r.DOF.Gather.AccumulatorQuality:1        ; higher gathering accumulator quality]]
[2023.02.24-10.05.30:877][  0]LogConfig: Setting CVar [[r.DOF.Gather.PostfilterMethod:1          ; Median3x3 postfilering method]]
[2023.02.24-10.05.30:877][  0]LogConfig: Setting CVar [[r.DOF.Gather.EnableBokehSettings:0       ; no bokeh simulation when gathering]]
[2023.02.24-10.05.30:877][  0]LogConfig: Setting CVar [[r.DOF.Gather.RingCount:4                 ; medium number of samples when gathering]]
[2023.02.24-10.05.30:877][  0]LogConfig: Setting CVar [[r.DOF.Scatter.ForegroundCompositing:1    ; additive foreground scattering]]
[2023.02.24-10.05.30:877][  0]LogConfig: Setting CVar [[r.DOF.Scatter.BackgroundCompositing:2    ; additive background scattering]]
[2023.02.24-10.05.30:877][  0]LogConfig: Setting CVar [[r.DOF.Scatter.EnableBokehSettings:1      ; bokeh simulation when scattering]]
[2023.02.24-10.05.30:877][  0]LogConfig: Setting CVar [[r.DOF.Scatter.MaxSpriteRatio:0.1         ; only a maximum of 10% of scattered bokeh]]
[2023.02.24-10.05.30:877][  0]LogConfig: Setting CVar [[r.DOF.Recombine.Quality:1                ; cheap slight out of focus]]
[2023.02.24-10.05.30:877][  0]LogConfig: Setting CVar [[r.DOF.Recombine.EnableBokehSettings:0    ; no bokeh simulation on slight out of focus]]
[2023.02.24-10.05.30:877][  0]LogConfig: Setting CVar [[r.DOF.TemporalAAQuality:1                ; more stable temporal accumulation]]
[2023.02.24-10.05.30:877][  0]LogConfig: Setting CVar [[r.DOF.Kernel.MaxForegroundRadius:0.025]]
[2023.02.24-10.05.30:877][  0]LogConfig: Setting CVar [[r.DOF.Kernel.MaxBackgroundRadius:0.025]]
[2023.02.24-10.05.30:877][  0]LogConfig: Applying CVar settings from Section [TextureQuality@3] File [C:/Users/Jack/Documents/GitHub/ProgressiveGamesProject/ProgressiveGamesProject/ProgGameProject/Saved/Config/Windows/Scalability.ini]
[2023.02.24-10.05.30:877][  0]LogConfig: Setting CVar [[r.Streaming.MipBias:0]]
[2023.02.24-10.05.30:877][  0]LogConfig: Setting CVar [[r.Streaming.AmortizeCPUToGPUCopy:0]]
[2023.02.24-10.05.30:877][  0]LogConfig: Setting CVar [[r.Streaming.MaxNumTexturesToStreamPerFrame:0]]
[2023.02.24-10.05.30:877][  0]LogConfig: Setting CVar [[r.Streaming.Boost:1]]
[2023.02.24-10.05.30:877][  0]LogConfig: Setting CVar [[r.MaxAnisotropy:8]]
[2023.02.24-10.05.30:877][  0]LogConfig: Setting CVar [[r.VT.MaxAnisotropy:8]]
[2023.02.24-10.05.30:877][  0]LogConfig: Setting CVar [[r.Streaming.LimitPoolSizeToVRAM:0]]
[2023.02.24-10.05.30:877][  0]LogConfig: Setting CVar [[r.Streaming.PoolSize:1000]]
[2023.02.24-10.05.30:877][  0]LogConfig: Setting CVar [[r.Streaming.MaxEffectiveScreenSize:0]]
[2023.02.24-10.05.30:877][  0]LogConfig: Applying CVar settings from Section [EffectsQuality@3] File [C:/Users/Jack/Documents/GitHub/ProgressiveGamesProject/ProgressiveGamesProject/ProgGameProject/Saved/Config/Windows/Scalability.ini]
[2023.02.24-10.05.30:877][  0]LogConfig: Setting CVar [[r.TranslucencyLightingVolumeDim:64]]
[2023.02.24-10.05.30:877][  0]LogConfig: Setting CVar [[r.RefractionQuality:2]]
[2023.02.24-10.05.30:877][  0]LogConfig: Setting CVar [[r.SSR.Quality:3]]
[2023.02.24-10.05.30:877][  0]LogConfig: Setting CVar [[r.SSR.HalfResSceneColor:0]]
[2023.02.24-10.05.30:877][  0]LogConfig: Setting CVar [[r.SceneColorFormat:4]]
[2023.02.24-10.05.30:877][  0]LogConfig: Setting CVar [[r.DetailMode:2]]
[2023.02.24-10.05.30:877][  0]LogConfig: Setting CVar [[r.TranslucencyVolumeBlur:1]]
[2023.02.24-10.05.30:877][  0]LogConfig: Setting CVar [[r.MaterialQualityLevel:1 ; High quality]]
[2023.02.24-10.05.30:877][  0]LogConfig: Setting CVar [[r.AnisotropicMaterials:1]]
[2023.02.24-10.05.30:877][  0]LogConfig: Setting CVar [[r.SSS.Scale:1]]
[2023.02.24-10.05.30:877][  0]LogConfig: Setting CVar [[r.SSS.SampleSet:2]]
[2023.02.24-10.05.30:877][  0]LogConfig: Setting CVar [[r.SSS.Quality:1]]
[2023.02.24-10.05.30:877][  0]LogConfig: Setting CVar [[r.SSS.HalfRes:0]]
[2023.02.24-10.05.30:877][  0]LogConfig: Setting CVar [[r.SSGI.Quality:3]]
[2023.02.24-10.05.30:877][  0]LogConfig: Setting CVar [[r.EmitterSpawnRateScale:1.0]]
[2023.02.24-10.05.30:877][  0]LogConfig: Setting CVar [[r.ParticleLightQuality:2]]
[2023.02.24-10.05.30:877][  0]LogConfig: Setting CVar [[r.SkyAtmosphere.AerialPerspectiveLUT.FastApplyOnOpaque:1 ; Always have FastSkyLUT 1 in this case to avoid wrong sky]]
[2023.02.24-10.05.30:878][  0]LogConfig: Setting CVar [[r.SkyAtmosphere.AerialPerspectiveLUT.SampleCountMaxPerSlice:4]]
[2023.02.24-10.05.30:878][  0]LogConfig: Setting CVar [[r.SkyAtmosphere.AerialPerspectiveLUT.DepthResolution:16.0]]
[2023.02.24-10.05.30:878][  0]LogConfig: Setting CVar [[r.SkyAtmosphere.FastSkyLUT:1]]
[2023.02.24-10.05.30:878][  0]LogConfig: Setting CVar [[r.SkyAtmosphere.FastSkyLUT.SampleCountMin:4.0]]
[2023.02.24-10.05.30:878][  0]LogConfig: Setting CVar [[r.SkyAtmosphere.FastSkyLUT.SampleCountMax:128.0]]
[2023.02.24-10.05.30:878][  0]LogConfig: Setting CVar [[r.SkyAtmosphere.SampleCountMin:4.0]]
[2023.02.24-10.05.30:878][  0]LogConfig: Setting CVar [[r.SkyAtmosphere.SampleCountMax:128.0]]
[2023.02.24-10.05.30:878][  0]LogConfig: Setting CVar [[r.SkyAtmosphere.TransmittanceLUT.UseSmallFormat:0]]
[2023.02.24-10.05.30:878][  0]LogConfig: Setting CVar [[r.SkyAtmosphere.TransmittanceLUT.SampleCount:10.0]]
[2023.02.24-10.05.30:878][  0]LogConfig: Setting CVar [[r.SkyAtmosphere.MultiScatteringLUT.SampleCount:15.0]]
[2023.02.24-10.05.30:878][  0]LogConfig: Setting CVar [[r.SkyLight.RealTimeReflectionCapture:1]]
[2023.02.24-10.05.30:878][  0]LogConfig: Setting CVar [[fx.Niagara.QualityLevel:3]]
[2023.02.24-10.05.30:878][  0]LogConfig: Applying CVar settings from Section [FoliageQuality@3] File [C:/Users/Jack/Documents/GitHub/ProgressiveGamesProject/ProgressiveGamesProject/ProgGameProject/Saved/Config/Windows/Scalability.ini]
[2023.02.24-10.05.30:878][  0]LogConfig: Setting CVar [[foliage.DensityScale:1.0]]
[2023.02.24-10.05.30:878][  0]LogConfig: Setting CVar [[grass.DensityScale:1.0]]
[2023.02.24-10.05.30:878][  0]LogConfig: Applying CVar settings from Section [ShadingQuality@3] File [C:/Users/Jack/Documents/GitHub/ProgressiveGamesProject/ProgressiveGamesProject/ProgGameProject/Saved/Config/Windows/Scalability.ini]
[2023.02.24-10.05.30:878][  0]LogConfig: Setting CVar [[r.HairStrands.SkyLighting.IntegrationType:2]]
[2023.02.24-10.05.30:878][  0]LogConfig: Setting CVar [[r.HairStrands.SkyAO.SampleCount:4]]
[2023.02.24-10.05.30:878][  0]LogConfig: Setting CVar [[r.HairStrands.Visibility.MSAA.SamplePerPixel:4]]
[2023.02.24-10.05.30:878][  0]LogConfig: Setting CVar [[r.HairStrands.Interpolation.UseSingleGuide:0]]
[2023.02.24-10.05.30:878][  0]LogConfig: Applying CVar settings from Section [Startup] File [../../../Engine/Config/ConsoleVariables.ini]
[2023.02.24-10.05.30:878][  0]LogConfig: Setting CVar [[net.UseAdaptiveNetUpdateFrequency:0]]
[2023.02.24-10.05.30:878][  0]LogConfig: Setting CVar [[p.chaos.AllowCreatePhysxBodies:1]]
[2023.02.24-10.05.30:878][  0]LogConfig: Setting CVar [[fx.SkipVectorVMBackendOptimizations:1]]
[2023.02.24-10.05.30:878][  0]LogConfig: Applying CVar settings from Section [ConsoleVariables] File [C:/Users/Jack/Documents/GitHub/ProgressiveGamesProject/ProgressiveGamesProject/ProgGameProject/Saved/Config/Windows/Engine.ini]
[2023.02.24-10.05.30:878][  0]LogConfig: Applying CVar settings from Section [ConsoleVariables] File [C:/Users/Jack/Documents/GitHub/ProgressiveGamesProject/ProgressiveGamesProject/ProgGameProject/Saved/Config/Windows/Editor.ini]
[2023.02.24-10.05.30:878][  0]LogInit: Computer: LAPTOP-REET2DGH
[2023.02.24-10.05.30:878][  0]LogInit: User: Jack
[2023.02.24-10.05.30:878][  0]LogInit: CPU Page size=4096, Cores=6
[2023.02.24-10.05.30:878][  0]LogInit: High frequency timer resolution =10.000000 MHz
[2023.02.24-10.05.30:878][  0]LogMemory: Memory total: Physical=7.8GB (8GB approx)
[2023.02.24-10.05.30:878][  0]LogMemory: Platform Memory Stats for Windows
[2023.02.24-10.05.30:878][  0]LogMemory: Process Physical Memory: 150.78 MB used, 150.78 MB peak
[2023.02.24-10.05.30:878][  0]LogMemory: Process Virtual Memory: 132.42 MB used, 132.42 MB peak
[2023.02.24-10.05.30:878][  0]LogMemory: Physical Memory: 5569.88 MB used,  2385.43 MB free, 7955.30 MB total
[2023.02.24-10.05.30:878][  0]LogMemory: Virtual Memory: 134201328.00 MB used,  16399.06 MB free, 134217728.00 MB total
[2023.02.24-10.05.30:883][  0]LogWindows: WindowsPlatformFeatures enabled
[2023.02.24-10.05.30:926][  0]LogInit: Physics initialised using underlying interface: PhysX
[2023.02.24-10.05.30:927][  0]LogInit: Using OS detected language (en-GB).
[2023.02.24-10.05.30:927][  0]LogInit: Using OS detected locale (en-GB).
[2023.02.24-10.05.30:932][  0]LogTextLocalizationManager: No specific localization for 'en-GB' exists, so the 'en' localization will be used.
[2023.02.24-10.05.31:118][  0]LogInit: Setting process to per monitor DPI aware
[2023.02.24-10.05.31:129][  0]LogWindowsTextInputMethodSystem: Display: IME system deactivated.
[2023.02.24-10.05.31:140][  0]LogSlate: New Slate User Created.  User Index 0, Is Virtual User: 0
[2023.02.24-10.05.31:140][  0]LogSlate: Slate User Registered.  User Index 0, Is Virtual User: 0
[2023.02.24-10.05.31:239][  0]LogD3D11RHI: Loaded GFSDK_Aftermath_Lib.x64.dll
[2023.02.24-10.05.31:270][  0]LogHMD: Failed to initialize OpenVR with code 110
[2023.02.24-10.05.31:270][  0]LogD3D11RHI: D3D11 min allowed feature level: 11_0
[2023.02.24-10.05.31:270][  0]LogD3D11RHI: D3D11 max allowed feature level: 11_0
[2023.02.24-10.05.31:270][  0]LogD3D11RHI: D3D11 adapters:
[2023.02.24-10.05.31:356][  0]LogD3D11RHI:    0. 'NVIDIA GeForce RTX 3050 Ti Laptop GPU' (Feature Level 11_0)
[2023.02.24-10.05.31:356][  0]LogD3D11RHI:       3990/0/3977 MB DedicatedVideo/DedicatedSystem/SharedSystem, Outputs:1, VendorId:0x10de
[2023.02.24-10.05.31:413][  0]LogD3D11RHI:    1. 'Intel(R) UHD Graphics' (Feature Level 11_0)
[2023.02.24-10.05.31:413][  0]LogD3D11RHI:       128/0/3977 MB DedicatedVideo/DedicatedSystem/SharedSystem, Outputs:0, VendorId:0x8086
[2023.02.24-10.05.31:416][  0]LogD3D11RHI:    2. 'Microsoft Basic Render Driver' (Feature Level 11_0)
[2023.02.24-10.05.31:416][  0]LogD3D11RHI:       0/0/3977 MB DedicatedVideo/DedicatedSystem/SharedSystem, Outputs:0, VendorId:0x1414
[2023.02.24-10.05.31:416][  0]LogD3D11RHI: Chosen D3D11 Adapter:
[2023.02.24-10.05.31:416][  0]LogD3D11RHI:     Description : NVIDIA GeForce RTX 3050 Ti Laptop GPU
[2023.02.24-10.05.31:416][  0]LogD3D11RHI:     VendorId    : 10de
[2023.02.24-10.05.31:416][  0]LogD3D11RHI:     DeviceId    : 25a0
[2023.02.24-10.05.31:416][  0]LogD3D11RHI:     SubSysId    : 153a1025
[2023.02.24-10.05.31:416][  0]LogD3D11RHI:     Revision    : 00a1
[2023.02.24-10.05.31:416][  0]LogD3D11RHI:     DedicatedVideoMemory : 4183818240 bytes
[2023.02.24-10.05.31:416][  0]LogD3D11RHI:     DedicatedSystemMemory : 0 bytes
[2023.02.24-10.05.31:416][  0]LogD3D11RHI:     SharedSystemMemory : 4170870784 bytes
[2023.02.24-10.05.31:416][  0]LogD3D11RHI:     AdapterLuid : 0 66276
[2023.02.24-10.05.31:421][  0]LogD3D11RHI: Creating new Direct3DDevice
[2023.02.24-10.05.31:421][  0]LogD3D11RHI:     GPU DeviceId: 0x25a0 (for the marketing name, search the web for "GPU Device Id")
[2023.02.24-10.05.31:421][  0]LogWindows: EnumDisplayDevices:
[2023.02.24-10.05.31:421][  0]LogWindows:    0. 'Intel(R) UHD Graphics' (P:1 D:1)
[2023.02.24-10.05.31:421][  0]LogWindows:    1. 'Intel(R) UHD Graphics' (P:0 D:0)
[2023.02.24-10.05.31:421][  0]LogWindows:    2. 'Intel(R) UHD Graphics' (P:0 D:0)
[2023.02.24-10.05.31:422][  0]LogWindows:    3. 'Intel(R) UHD Graphics' (P:0 D:0)
[2023.02.24-10.05.31:422][  0]LogWindows:    4. 'NVIDIA GeForce RTX 3050 Ti Laptop GPU' (P:0 D:0)
[2023.02.24-10.05.31:422][  0]LogWindows: DebugString: PrimaryIsNotTheChoosenAdapter PrimaryIsNotTheChoosenAdapter PrimaryIsNotTheChoosenAdapter PrimaryIsNotTheChoosenAdapter 
[2023.02.24-10.05.31:422][  0]LogD3D11RHI:     Adapter Name: NVIDIA GeForce RTX 3050 Ti Laptop GPU
[2023.02.24-10.05.31:422][  0]LogD3D11RHI:   Driver Version: 462.62 (internal:27.21.14.6262, unified:462.62)
[2023.02.24-10.05.31:422][  0]LogD3D11RHI:      Driver Date: 5-11-2021
[2023.02.24-10.05.31:422][  0]LogRHI: Texture pool is 2793 MB (70% of 3990 MB)
[2023.02.24-10.05.31:422][  0]LogD3D11RHI: Creating D3DDevice using adapter:
[2023.02.24-10.05.31:422][  0]LogD3D11RHI:     Description : NVIDIA GeForce RTX 3050 Ti Laptop GPU
[2023.02.24-10.05.31:422][  0]LogD3D11RHI:     VendorId    : 10de
[2023.02.24-10.05.31:422][  0]LogD3D11RHI:     DeviceId    : 25a0
[2023.02.24-10.05.31:422][  0]LogD3D11RHI:     SubSysId    : 153a1025
[2023.02.24-10.05.31:422][  0]LogD3D11RHI:     Revision    : 00a1
[2023.02.24-10.05.31:422][  0]LogD3D11RHI:     DedicatedVideoMemory : 4183818240 bytes
[2023.02.24-10.05.31:422][  0]LogD3D11RHI:     DedicatedSystemMemory : 0 bytes
[2023.02.24-10.05.31:422][  0]LogD3D11RHI:     SharedSystemMemory : 4170870784 bytes
[2023.02.24-10.05.31:422][  0]LogD3D11RHI:     AdapterLuid : 0 66276
[2023.02.24-10.05.31:482][  0]LogD3D11RHI: RHI has support for 64 bit atomics
[2023.02.24-10.05.31:482][  0]LogD3D11RHI: Async texture creation enabled
[2023.02.24-10.05.31:482][  0]LogD3D11RHI: Array index from any shader is supported
[2023.02.24-10.05.31:495][  0]LogD3D11RHI: GPU Timing Frequency: 1000.000000 (Debug: 2 1)
[2023.02.24-10.05.31:518][  0]LogRHI: GeForceNow SDK initialized: 1
[2023.02.24-10.05.31:761][  0]LogTargetPlatformManager: Display: Loaded TargetPlatform 'AllDesktop'
[2023.02.24-10.05.31:781][  0]LogTargetPlatformManager: Display: Loaded TargetPlatform 'Android'
[2023.02.24-10.05.31:781][  0]LogTargetPlatformManager: Display: Loaded TargetPlatform 'Android_ASTC'
[2023.02.24-10.05.31:781][  0]LogTargetPlatformManager: Display: Loaded TargetPlatform 'Android_DXT'
[2023.02.24-10.05.31:781][  0]LogTargetPlatformManager: Display: Loaded TargetPlatform 'Android_ETC2'
[2023.02.24-10.05.31:781][  0]LogTargetPlatformManager: Display: Loaded TargetPlatform 'AndroidClient'
[2023.02.24-10.05.31:781][  0]LogTargetPlatformManager: Display: Loaded TargetPlatform 'Android_ASTCClient'
[2023.02.24-10.05.31:781][  0]LogTargetPlatformManager: Display: Loaded TargetPlatform 'Android_DXTClient'
[2023.02.24-10.05.31:781][  0]LogTargetPlatformManager: Display: Loaded TargetPlatform 'Android_ETC2Client'
[2023.02.24-10.05.31:781][  0]LogTargetPlatformManager: Display: Loaded TargetPlatform 'Android_Multi'
[2023.02.24-10.05.31:781][  0]LogTargetPlatformManager: Display: Loaded TargetPlatform 'Android_MultiClient'
[2023.02.24-10.05.31:803][  0]LogTargetPlatformManager: Display: Loaded TargetPlatform 'IOSClient'
[2023.02.24-10.05.31:803][  0]LogTargetPlatformManager: Display: Loaded TargetPlatform 'IOS'
[2023.02.24-10.05.31:814][  0]LogTargetPlatformManager: Display: Loaded TargetPlatform 'Linux'
[2023.02.24-10.05.31:820][  0]LogTargetPlatformManager: Display: Loaded TargetPlatform 'LinuxNoEditor'
[2023.02.24-10.05.31:827][  0]LogTargetPlatformManager: Display: Loaded TargetPlatform 'LinuxClient'
[2023.02.24-10.05.31:833][  0]LogTargetPlatformManager: Display: Loaded TargetPlatform 'LinuxServer'
[2023.02.24-10.05.31:844][  0]LogTargetPlatformManager: Display: Loaded TargetPlatform 'LinuxAArch64NoEditor'
[2023.02.24-10.05.31:849][  0]LogTargetPlatformManager: Display: Loaded TargetPlatform 'LinuxAArch64Client'
[2023.02.24-10.05.31:855][  0]LogTargetPlatformManager: Display: Loaded TargetPlatform 'LinuxAArch64Server'
[2023.02.24-10.05.31:878][  0]LogTargetPlatformManager: Display: Loaded TargetPlatform 'Lumin'
[2023.02.24-10.05.31:878][  0]LogTargetPlatformManager: Display: Loaded TargetPlatform 'LuminClient'
[2023.02.24-10.05.31:887][  0]LogTargetPlatformManager: Display: Loaded TargetPlatform 'MacNoEditor'
[2023.02.24-10.05.31:895][  0]LogTargetPlatformManager: Display: Loaded TargetPlatform 'Mac'
[2023.02.24-10.05.31:902][  0]LogTargetPlatformManager: Display: Loaded TargetPlatform 'MacClient'
[2023.02.24-10.05.31:909][  0]LogTargetPlatformManager: Display: Loaded TargetPlatform 'MacServer'
[2023.02.24-10.05.31:921][  0]LogTargetPlatformManager: Display: Loaded TargetPlatform 'TVOSClient'
[2023.02.24-10.05.31:921][  0]LogTargetPlatformManager: Display: Loaded TargetPlatform 'TVOS'
[2023.02.24-10.05.31:931][  0]LogTargetPlatformManager: Display: Loaded TargetPlatform 'WindowsNoEditor'
[2023.02.24-10.05.31:937][  0]LogTargetPlatformManager: Display: Loaded TargetPlatform 'Windows'
[2023.02.24-10.05.31:942][  0]LogTargetPlatformManager: Display: Loaded TargetPlatform 'WindowsClient'
[2023.02.24-10.05.31:947][  0]LogTargetPlatformManager: Display: Loaded TargetPlatform 'WindowsServer'
[2023.02.24-10.05.31:947][  0]LogTargetPlatformManager: Display: Building Assets For Windows
[2023.02.24-10.05.31:957][  0]LogAudioDebug: Display: Lib vorbis DLL was dynamically loaded.
[2023.02.24-10.05.32:002][  0]LogTextureFormatOodle: Display: Oodle Texture 2.9.0 init RDO Off
[2023.02.24-10.05.32:063][  0]LogRendererCore: Ray tracing is disabled. Reason: r.RayTracing=0.
[2023.02.24-10.05.32:063][  0]LogShaderCompilers: Guid format shader working directory is -65 characters bigger than the processId version (../../../../../../Users/Jack/Documents/GitHub/ProgressiveGamesProject/ProgressiveGamesProject/ProgGameProject/Intermediate/Shaders/WorkingDirectory/11812/).
[2023.02.24-10.05.32:063][  0]LogShaderCompilers: Cleaned the shader compiler working directory 'C:/Users/Jack/AppData/Local/Temp/UnrealShaderWorkingDir/614612DD49169D28799CF39E25DD467D/'.
[2023.02.24-10.05.32:063][  0]LogXGEController: Cannot use XGE Controller as Incredibuild is not installed on this machine.
[2023.02.24-10.05.32:063][  0]LogShaderCompilers: Cannot use XGE Shader Compiler as Incredibuild is not installed on this machine.
[2023.02.24-10.05.32:063][  0]LogShaderCompilers: Display: Using Local Shader Compiler.
[2023.02.24-10.05.32:843][  0]LogDerivedDataCache: Display: Max Cache Size: 512 MB
[2023.02.24-10.05.32:908][  0]LogDerivedDataCache: Loaded boot cache 0.07s 112MB C:/Users/Jack/AppData/Local/UnrealEngine/4.27/DerivedDataCache/Boot.ddc.
[2023.02.24-10.05.32:909][  0]LogDerivedDataCache: Display: Loaded Boot cache: C:/Users/Jack/AppData/Local/UnrealEngine/4.27/DerivedDataCache/Boot.ddc
[2023.02.24-10.05.32:910][  0]LogDerivedDataCache: FDerivedDataBackendGraph:  Pak pak cache file ../../../../../../Users/Jack/Documents/GitHub/ProgressiveGamesProject/ProgressiveGamesProject/ProgGameProject/DerivedDataCache/DDC.ddp not found, will not use a pak cache.
[2023.02.24-10.05.32:910][  0]LogDerivedDataCache: Unable to find inner node Pak for hierarchical cache Hierarchy.
[2023.02.24-10.05.32:910][  0]LogDerivedDataCache: FDerivedDataBackendGraph:  CompressedPak pak cache file ../../../../../../Users/Jack/Documents/GitHub/ProgressiveGamesProject/ProgressiveGamesProject/ProgGameProject/DerivedDataCache/Compressed.ddp not found, will not use a pak cache.
[2023.02.24-10.05.32:910][  0]LogDerivedDataCache: Unable to find inner node CompressedPak for hierarchical cache Hierarchy.
[2023.02.24-10.05.32:926][  0]LogDerivedDataCache: Display: Pak cache opened for reading ../../../Engine/DerivedDataCache/Compressed.ddp.
[2023.02.24-10.05.32:926][  0]LogDerivedDataCache: FDerivedDataBackendGraph:  EnterprisePak pak cache file ../../../Enterprise/DerivedDataCache/Compressed.ddp not found, will not use a pak cache.
[2023.02.24-10.05.32:926][  0]LogDerivedDataCache: Unable to find inner node EnterprisePak for hierarchical cache Hierarchy.
[2023.02.24-10.05.32:934][  0]LogDerivedDataCache: Speed tests for C:/Users/Jack/AppData/Local/UnrealEngine/Common/DerivedDataCache took 0.01 seconds
[2023.02.24-10.05.32:934][  0]LogDerivedDataCache: Display: Performance to C:/Users/Jack/AppData/Local/UnrealEngine/Common/DerivedDataCache: Latency=0.03ms. RandomReadSpeed=1021.86MBs, RandomWriteSpeed=125.52MBs. Assigned SpeedClass 'Local'
[2023.02.24-10.05.32:936][  0]LogDerivedDataCache: Using Local data cache path C:/Users/Jack/AppData/Local/UnrealEngine/Common/DerivedDataCache: Writable
[2023.02.24-10.05.32:936][  0]LogDerivedDataCache: Shared data cache path not found in *engine.ini, will not use an Shared cache.
[2023.02.24-10.05.32:936][  0]LogDerivedDataCache: Unable to find inner node Shared for hierarchical cache Hierarchy.
[2023.02.24-10.05.32:986][  0]LogSlate: Using FreeType 2.10.0
[2023.02.24-10.05.32:986][  0]LogSlate: SlateFontServices - WITH_FREETYPE: 1, WITH_HARFBUZZ: 1
[2023.02.24-10.05.33:009][  0]LogAssetRegistry: FAssetRegistry took 0.0027 seconds to start up
[2023.02.24-10.05.33:258][  0]LogInit: Selected Device Profile: [Windows]
[2023.02.24-10.05.33:258][  0]LogInit: Active device profile: [00000213A83F7300][00000213A5E58C40 49] Windows
[2023.02.24-10.05.33:258][  0]LogInit: Profiles: [00000213A83F7300][00000213A5E58C40 49] Windows, [00000213A83D0E00][00000213944E6F00 49] WindowsNoEditor, [00000213A83F4E00][00000213944A91C0 49] WindowsServer, [00000213A83D2E00][0000021394501480 49] WindowsClient, [00000213A83F6D00][00000213A7017740 49] IOS, [00000213A83D1400][00000213A701BA00 49] iPadAir, [00000213A83F5300][00000213A726C140 49] iPadAir2, [00000213A837FE00][00000213A710E680 49] IPadPro, [00000213A837FF00][00000213A72706C0 49] iPadAir3, [00000213A83F6900][00000213A7106980 49] iPadAir4, [00000213A837D300][00000213944A4C00 49] iPadMini2, [00000213A83F5400][00000213A7102E80 49] iPadMini3, [00000213A837E800][00000213A7113140 49] iPadMini4, [00000213A83F7600][00000213A5B1F400 49] iPadMini5, [00000213A8397700][00000213A5B33940 49] iPhone6, [00000213A8397800][00000213A5B23980 49] iPodTouch6, [00000213A837C100][00000213A5B3A340 49] iPhone7, [00000213A837F800][00000213A5B2A380 49] iPodTouch7, [00000213A8395300][00000213A5B2E640 49] iPhone5S, [00000213A837E400][00000213A5B26900 49] iPhone6Plus, [00000213A8396A00][00000213A5B36BC0 49] iPhone6S, [00000213A837D100][00000213A710AE40 49] iPhone6SPlus, [00000213A8395800][00000213A5B3F0C0 49] iPhone7Plus, [00000213A837E700][00000213A5B47380 49] iPhoneSE, [00000213A8396500][00000213A5B4B640 49] iPhone8, [00000213A837ED00][00000213A5B4F900 49] iPhone8Plus, [00000213A8397300][00000213A5B53BC0 49] iPhoneX, [00000213A837FA00][00000213A5B56300 49] iPhoneXS, [00000213A8396400][00000213A5B5A5C0 49] iPhoneXSMax, [00000213A837F100][00000213A5B5E880 49] iPhoneXR, [00000213A8395A00][00000213A5B62B40 49] iPhone11, [00000213A837FB00][00000213A5AB2E00 49] iPhone11Pro, [00000213A8395200][00000213A5B43080 49] iPhone11ProMax, [00000213A837EA00][00000213A5AB7300 49] iPhoneSE2, [00000213A8395F00][00000213A5ABF5C0 49] iPhone12Mini, [00000213A837EC00][00000213A5AC3880 49] iPhone12, [00000213A8396000][00000213A5AC7B40 49] iPhone12Pro, [00000213A837FD00][00000213A5ACA280 49] iPhone12ProMax, [00000213A8394500][00000213A5ACE540 49] iPadPro105, [00000213A837CE00][00000213A5AD2800 49] iPadPro129, [00000213A8396C00][00000213A5AD6AC0 49] iPadPro97, [00000213A837F600][00000213A5ADAD80 49] iPadPro2_129, [00000213A8397B00][00000213A5ADF040 49] iPad5, [00000213A837D600][00000213A5ABB2C0 49] iPad6, [00000213A8394100][00000213A5AE3540 49] iPad7, [00000213A837E600][00000213A5AEB800 49] iPad8, [00000213A8397600][00000213A5AEFAC0 49] iPadPro11, [00000213A837C300][00000213A5AF2200 49] iPadPro2_11, [00000213A8394300][00000213A5AF64C0 49] iPadPro3_129, [00000213A837D800][00000213A5AFA780 49] iPadPro4_129, [00000213A8395000][00000213A5AFEA40 49] AppleTV, [00000213A837F500][00000213A5B02D00 49] AppleTV4K, [00000213A8396F00][00000213A5B06FC0 49] TVOS, [00000213A837CC00][00000213A5B0B280 49] Mac, [00000213A8396700][00000213A5AE7500 49] MacClient, [00000213A837CB00][00000213A5B0F780 49] MacNoEditor, [00000213A8394B00][00000213A5B17A40 49] MacServer, [00000213A837C700][00000213A5B1A180 49] Linux, [00000213A8396D00][000002139CE00440 49] LinuxAArch64, [00000213A837C400][000002139CE04700 49] LinuxNoEditor, [00000213A8459D00][000002139CE089C0 49] LinuxAArch64NoEditor, [00000213A83D3A00][000002139CE0CC80 49] LinuxClient, [00000213A8458500][000002139CE10F40 49] LinuxAArch64Client, [00000213A83D3E00][000002139CE15200 49] LinuxServer, [00000213A8458F00][000002139CE194C0 49] LinuxAArch64Server, [00000213A83D1C00][00000213A5B13740 49] Android, [00000213A8458D00][000002139CE1D9C0 49] Android_Low, [00000213A83D2700][000002139CE24100 49] Android_Mid, [00000213A8458700][000002139CE283C0 49] Android_High, [00000213A83D0A00][000002139CE2C680 49] Android_Default, [00000213A8459A00][000002139CE30940 49] Android_Adreno4xx, [00000213A83D0300][000002139CE34C00 49] Android_Adreno5xx_Low, [00000213A8458400][000002139CE38EC0 49] Android_Adreno5xx, [00000213A83D1200][000002139CE3D180 49] Android_Adreno6xx, [00000213A8459000][000002139CE41440 49] Android_Adreno6xx_Vulkan, [00000213A83D3300][000002139CE45700 49] Android_Mali_T6xx, [00000213A8459300][000002139CE21980 49] Android_Mali_T7xx, [00000213A83D1800][000002139CE49C00 49] Android_Mali_T8xx, [00000213A845A200][000002139CE50340 49] Android_Mali_G71, [00000213A83D1500][000002139CE54600 49] Android_Mali_G72, [00000213A837E500][000002139CE588C0 49] Android_Mali_G72_Vulkan, [00000213A8395600][000002139CE5CB80 49] Android_Mali_G76, [00000213A837E000][000002139CE60E40 49] Android_Mali_G76_Vulkan, [00000213A8397C00][000002139CE65100 49] Android_Mali_G77, [00000213A837C600][000002139CE693C0 49] Android_Mali_G77_Vulkan, [00000213A8395E00][00000213A909D680 49] Android_Mali_G78, [00000213A837F700][00000213A90A1940 49] Android_Mali_G78_Vulkan, [00000213A8397F00][000002139CE4DBC0 49] Android_Mali_G710, [00000213A837F000][00000213A90A42C0 49] Android_Mali_G710_Vulkan, [00000213A8397100][00000213A90AC580 49] Android_Vulkan_SM5, [00000213A837CD00][00000213A90B0840 49] Android_PowerVR_G6xxx, [00000213A8397200][00000213A90B4B00 49] Android_PowerVR_GT7xxx, [00000213A837C800][00000213A90B8DC0 49] Android_PowerVR_GE8xxx, [00000213A8397900][00000213A90BD080 49] Android_PowerVR_GM9xxx, [00000213A837E100][00000213A90C1340 49] Android_PowerVR_GM9xxx_Vulkan, [00000213A8394C00][00000213A90C5600 49] Android_TegraK1, [00000213A837C900][00000213A90C98C0 49] Android_Unknown_Vulkan, [00000213A8397400][00000213A90CDB80 49] Lumin, [00000213A8458A00][00000213A90A8280 49] Lumin_Desktop, [00000213A8396200][00000213A90D4540 49] HoloLens, 
[2023.02.24-10.05.33:384][  0]LogMeshReduction: Using QuadricMeshReduction for automatic static mesh reduction
[2023.02.24-10.05.33:384][  0]LogMeshReduction: Using SimplygonMeshReduction for automatic skeletal mesh reduction
[2023.02.24-10.05.33:384][  0]LogMeshReduction: Using ProxyLODMeshReduction for automatic mesh merging
[2023.02.24-10.05.33:384][  0]LogMeshReduction: No distributed automatic mesh merging module available
[2023.02.24-10.05.33:384][  0]LogMeshMerging: No distributed automatic mesh merging module available
[2023.02.24-10.05.33:400][  0]LogNetVersion: ProgGameProject 1.0.0, NetCL: 17155196, EngineNetVer: 17, GameNetVer: 0 (Checksum: 1994946293)
[2023.02.24-10.05.33:738][  0]LogTexture: Default maximum texture size for cubemaps generated from long-lat sources has been changed from 512 to unlimited. In order to preserve old behaiour for '/Engine/MapTemplates/Sky/DaylightAmbientCubemap.DaylightAmbientCubemap', its maximum texture size has been explicitly set to 512.
[2023.02.24-10.05.33:835][  0]LogHMD: PokeAHoleMaterial loaded successfully
[2023.02.24-10.05.33:840][  0]LogUObjectArray: 18050 objects as part of root set at end of initial load.
[2023.02.24-10.05.33:840][  0]LogUObjectAllocator: 4611168 out of 0 bytes used by permanent object pool.
[2023.02.24-10.05.33:840][  0]LogUObjectArray: CloseDisregardForGC: 0/0 objects in disregard for GC pool
[2023.02.24-10.05.34:235][  0]LogPython: Using Python 3.7.7
[2023.02.24-10.05.34:643][  0]LogNiagaraDebuggerClient: Niagara Debugger Client Initialized | Session: D7EEA4B24807DE447EFAE98FA65C4F60 | Instance: C11D9162496FE14F464A76A0C7C9E323 (LAPTOP-REET2DGH-11812).
[2023.02.24-10.05.34:933][  0]LogTcpMessaging: Initializing TcpMessaging bridge
[2023.02.24-10.05.34:946][  0]LogUdpMessaging: Initializing bridge on interface 0.0.0.0:0 to multicast group 230.0.0.1:6666.
[2023.02.24-10.05.35:826][  0]SourceControl: Source control is disabled
[2023.02.24-10.05.35:827][  0]SourceControl: Source control is disabled
[2023.02.24-10.05.35:840][  0]SourceControl: Source control is disabled
[2023.02.24-10.05.35:850][  0]SourceControl: Source control is disabled
[2023.02.24-10.05.35:860][  0]SourceControl: Source control is disabled
[2023.02.24-10.05.35:894][  0]LogUProjectInfo: Found projects:
[2023.02.24-10.05.36:014][  0]LogOpenImageDenoise: OIDN starting up
[2023.02.24-10.05.36:213][  0]LogAndroidPermission: UAndroidPermissionCallbackProxy::GetInstance
[2023.02.24-10.05.36:274][  0]LogAudioCaptureCore: Display: No Audio Capture implementations found. Audio input will be silent.
[2023.02.24-10.05.36:274][  0]LogAudioCaptureCore: Display: No Audio Capture implementations found. Audio input will be silent.
[2023.02.24-10.05.36:510][  0]LogCollectionManager: Loaded 0 collections in 0.001591 seconds
[2023.02.24-10.05.36:564][  0]LogFileCache: Scanning file cache for directory 'C:/Users/Jack/Documents/GitHub/ProgressiveGamesProject/ProgressiveGamesProject/ProgGameProject/Saved/Collections/' took 0.00s
[2023.02.24-10.05.36:564][  0]LogFileCache: Scanning file cache for directory 'C:/Users/Jack/Documents/GitHub/ProgressiveGamesProject/ProgressiveGamesProject/ProgGameProject/Content/Developers/Jack/Collections/' took 0.00s
[2023.02.24-10.05.36:564][  0]LogFileCache: Scanning file cache for directory 'C:/Users/Jack/Documents/GitHub/ProgressiveGamesProject/ProgressiveGamesProject/ProgGameProject/Content/Collections/' took 0.00s
[2023.02.24-10.05.36:564][  0]LogOcInput: OculusInput pre-init called
[2023.02.24-10.05.36:830][  0]LogEngine: Initializing Engine...
[2023.02.24-10.05.36:839][  0]LogHMD: Failed to enumerate extensions. Please check that you have a valid OpenXR runtime installed.
[2023.02.24-10.05.36:839][  0]LogHMD: Failed to initialize OpenVR with code 110
[2023.02.24-10.05.36:839][  0]LogMagicLeap: Warning: VR disabled because ZI is not enabled.  To enable, in the editor, Edit -> Project Settings -> Plugins -> Magic Leap Plugin -> Enable Zero Iteration
[2023.02.24-10.05.36:840][  0]LogStats: UGameplayTagsManager::InitializeManager -  0.000 s
[2023.02.24-10.05.37:025][  0]LogInit: Initializing FReadOnlyCVARCache
[2023.02.24-10.05.37:056][  0]LogAIModule: Creating AISystem for world Untitled
[2023.02.24-10.05.37:057][  0]LogAudio: Display: Initializing Audio Device Manager...
[2023.02.24-10.05.37:071][  0]LogAudio: Display: Loading Default Audio Settings Objects...
[2023.02.24-10.05.37:071][  0]LogAudio: Display: No default SoundConcurrencyObject specified (or failed to load).
[2023.02.24-10.05.37:072][  0]LogAudio: Display: Audio Device Manager Initialized
[2023.02.24-10.05.37:072][  0]LogAudio: Display: Creating Audio Device:                 Id: 1, Scope: Shared, Realtime: True
[2023.02.24-10.05.37:072][  0]LogAudioMixer: Display: Audio Mixer Platform Settings:
[2023.02.24-10.05.37:072][  0]LogAudioMixer: Display: 	Sample Rate:						  48000
[2023.02.24-10.05.37:072][  0]LogAudioMixer: Display: 	Callback Buffer Frame Size Requested: 1024
[2023.02.24-10.05.37:072][  0]LogAudioMixer: Display: 	Callback Buffer Frame Size To Use:	  1024
[2023.02.24-10.05.37:072][  0]LogAudioMixer: Display: 	Number of buffers to queue:			  2
[2023.02.24-10.05.37:072][  0]LogAudioMixer: Display: 	Max Channels (voices):				  32
[2023.02.24-10.05.37:072][  0]LogAudioMixer: Display: 	Number of Async Source Workers:		  0
[2023.02.24-10.05.37:072][  0]LogAudio: Display: AudioDevice MaxSources: 32
[2023.02.24-10.05.37:073][  0]LogAudio: Display: Audio Spatialization Plugin: None (built-in).
[2023.02.24-10.05.37:073][  0]LogAudio: Display: Audio Reverb Plugin: None (built-in).
[2023.02.24-10.05.37:073][  0]LogAudio: Display: Audio Occlusion Plugin: None (built-in).
[2023.02.24-10.05.37:073][  0]LogAudioMixer: Display: Initializing audio mixer.
[2023.02.24-10.05.37:088][  0]LogAudioMixer: Display: 0: FrontLeft
[2023.02.24-10.05.37:088][  0]LogAudioMixer: Display: 1: FrontRight
[2023.02.24-10.05.37:186][  0]LogAudioMixer: Display: Using Audio Device Speakers (Realtek(R) Audio)
[2023.02.24-10.05.37:191][  0]LogAudioMixer: Display: Initializing Sound Submixes...
[2023.02.24-10.05.37:200][  0]LogAudioMixer: Display: Creating Master Submix 'MasterSubmixDefault'
[2023.02.24-10.05.37:200][  0]LogAudioMixer: Display: Creating Master Submix 'MasterReverbSubmixDefault'
[2023.02.24-10.05.37:202][  0]LogAudioMixer: Display: Creating Master Submix 'MasterEQSubmixDefault'
[2023.02.24-10.05.37:202][  0]LogAudioMixer: FMixerPlatformXAudio2::StartAudioStream() called
[2023.02.24-10.05.37:202][  0]LogAudioMixer: Display: Output buffers initialized: Frames=1024, Channels=2, Samples=2048
[2023.02.24-10.05.37:203][  0]LogAudioMixer: Display: Starting AudioMixerPlatformInterface::RunInternal()
[2023.02.24-10.05.37:203][  0]LogAudioMixer: Display: FMixerPlatformXAudio2::SubmitBuffer() called for the first time
[2023.02.24-10.05.37:203][  0]LogInit: FAudioDevice initialized.
[2023.02.24-10.05.37:203][  0]LogAudio: Display: Audio Device (ID: 1) registered with world 'Untitled'.
[2023.02.24-10.05.37:203][  0]LogNetVersion: Set ProjectVersion to 1.0.0.0. Version Checksum will be recalculated on next use.
[2023.02.24-10.05.37:294][  0]LogDerivedDataCache: Saved boot cache 0.09s 112MB C:/Users/Jack/AppData/Local/UnrealEngine/4.27/DerivedDataCache/Boot.ddc.
[2023.02.24-10.05.37:296][  0]LogInit: Texture streaming: Enabled
[2023.02.24-10.05.37:327][  0]LogAnalytics: Display: [UEEditor.Rocket.Release] APIServer = https://datarouter.ol.epicgames.com/. AppVersion = 4.27.2-18319896+++UE4+Release-4.27
[2023.02.24-10.05.37:337][  0]LogEngineSessionManager: EngineSessionManager initialized
[2023.02.24-10.05.37:337][  0]LogEditorSessionSummary: Verbose: Initializing EditorSessionSummaryWriter for editor session tracking
[2023.02.24-10.05.37:340][  0]LogEditorSessionSummary: EditorSessionSummaryWriter initialized
[2023.02.24-10.05.37:403][  0]LogInit: Transaction tracking system initialized
[2023.02.24-10.05.37:480][  0]BlueprintLog: New page: Editor Load
[2023.02.24-10.05.37:687][  0]LocalizationService: Localization service is disabled
[2023.02.24-10.05.37:770][  0]TimingProfiler: Initialize
[2023.02.24-10.05.37:770][  0]TimingProfiler: OnSessionChanged
[2023.02.24-10.05.37:770][  0]LoadingProfiler: Initialize
[2023.02.24-10.05.37:770][  0]LoadingProfiler: OnSessionChanged
[2023.02.24-10.05.37:770][  0]NetworkingProfiler: Initialize
[2023.02.24-10.05.37:770][  0]NetworkingProfiler: OnSessionChanged
[2023.02.24-10.05.37:770][  0]MemoryProfiler: Initialize
[2023.02.24-10.05.37:770][  0]MemoryProfiler: OnSessionChanged
[2023.02.24-10.05.38:235][  0]LogCook: Display: CookSettings for Memory: MemoryMaxUsedVirtual 0MiB, MemoryMaxUsedPhysical 16384MiB, MemoryMinFreeVirtual 0MiB, MemoryMinFreePhysical 1024MiB
[2023.02.24-10.05.38:235][  0]LogCook: Display: Mobile HDR setting 1
[2023.02.24-10.05.38:984][  0]LogFileCache: Scanning file cache for directory 'C:/Users/Jack/Documents/GitHub/ProgressiveGamesProject/ProgressiveGamesProject/ProgGameProject/Content/' took 0.01s
[2023.02.24-10.05.39:143][  0]LogInit: Display: Engine is initialized. Leaving FEngineLoop::Init()
[2023.02.24-10.05.39:147][  0]SourceControl: Source control is disabled
[2023.02.24-10.05.39:147][  0]LogUnrealEdMisc: Loading editor; pre map load, took 9.303
[2023.02.24-10.05.39:148][  0]LightingResults: New page: Lighting Build
[2023.02.24-10.05.39:149][  0]LogWorld: UWorld::CleanupWorld for Untitled, bSessionEnded=true, bCleanupResources=true
[2023.02.24-10.05.39:149][  0]LogSlate: InvalidateAllWidgets triggered.  All widgets were invalidated
[2023.02.24-10.05.39:149][  0]MapCheck: New page: Map Check
[2023.02.24-10.05.39:149][  0]LightingResults: New page: Lighting Build
[2023.02.24-10.05.39:156][  0]LogAudio: Display: Audio Device unregistered from world 'None'.
[2023.02.24-10.05.39:159][  0]LogUObjectHash: Compacting FUObjectHashTables data took   0.64ms
[2023.02.24-10.05.39:497][  0]LogAudio: Display: Audio Device (ID: 1) registered with world 'ThirdPersonExampleMap'.
[2023.02.24-10.05.39:498][  0]LogAIModule: Creating AISystem for world ThirdPersonExampleMap
[2023.02.24-10.05.39:511][  0]LogEditorServer: Finished looking for orphan Actors (0.000 secs)
[2023.02.24-10.05.39:520][  0]LogUObjectHash: Compacting FUObjectHashTables data took   0.85ms
[2023.02.24-10.05.39:521][  0]Cmd: MAP CHECKDEP NOCLEARLOG
[2023.02.24-10.05.39:522][  0]MapCheck: Map check complete: 0 Error(s), 0 Warning(s), took 0.206ms to complete.
[2023.02.24-10.05.39:522][  0]LogFileHelpers: Loading map 'ThirdPersonExampleMap' took 0.374
[2023.02.24-10.05.39:525][  0]LogUnrealEdMisc: Total Editor Startup Time, took 9.680
[2023.02.24-10.05.39:645][  0]LogSlate: Updating window title bar state: overlay mode, drag disabled, window buttons hidden, title bar hidden
[2023.02.24-10.05.39:651][  0]LogSlate: Updating window title bar state: overlay mode, drag disabled, window buttons hidden, title bar hidden
[2023.02.24-10.05.39:655][  0]LogSlate: Updating window title bar state: overlay mode, drag disabled, window buttons hidden, title bar hidden
[2023.02.24-10.05.39:661][  0]LogSlate: Updating window title bar state: overlay mode, drag disabled, window buttons hidden, title bar hidden
[2023.02.24-10.05.39:684][  0]LogNativeClassHierarchy: Verbose: Native class hierarchy populated in 0.0083 seconds. Added 3849 classes and 934 folders.
[2023.02.24-10.05.39:690][  0]LogNativeClassHierarchy: Verbose: Native class hierarchy updated for 'WidgetCarousel' in 0.0002 seconds. Added 0 classes and 0 folders.
[2023.02.24-10.05.39:693][  0]LogPakFile: PakFile PrimaryIndexSize=187
[2023.02.24-10.05.39:693][  0]LogPakFile: PakFile PathHashIndexSize=101
[2023.02.24-10.05.39:693][  0]LogPakFile: PakFile FullDirectoryIndexSize=148
[2023.02.24-10.05.39:693][  0]LogShaderLibrary: Display: ShaderCodeLibraryPakFileMountedCallback: PakFile 'C:/Program Files/Epic Games/UE_4.27/FeaturePacks/FP_FirstPerson.upack' (chunk index -1, root 'root:/') mounted
[2023.02.24-10.05.39:693][  0]LogShaderLibrary: Display: ShaderCodeLibraryPakFileMountedCallback: pending pak file info (ChunkID:-1 Root:root:/ File:C:/Program Files/Epic Games/UE_4.27/FeaturePacks/FP_FirstPerson.upack)
[2023.02.24-10.05.39:693][  0]LogPakFile: OnPakFileMounted2Time == 0.000053
[2023.02.24-10.05.39:694][  0]LogPakFile: PakFile PrimaryIndexSize=189
[2023.02.24-10.05.39:694][  0]LogPakFile: PakFile PathHashIndexSize=101
[2023.02.24-10.05.39:694][  0]LogPakFile: PakFile FullDirectoryIndexSize=152
[2023.02.24-10.05.39:694][  0]LogShaderLibrary: Display: ShaderCodeLibraryPakFileMountedCallback: PakFile 'C:/Program Files/Epic Games/UE_4.27/FeaturePacks/FP_FirstPersonBP.upack' (chunk index -1, root 'root:/') mounted
[2023.02.24-10.05.39:694][  0]LogShaderLibrary: Display: ShaderCodeLibraryPakFileMountedCallback: pending pak file info (ChunkID:-1 Root:root:/ File:C:/Program Files/Epic Games/UE_4.27/FeaturePacks/FP_FirstPersonBP.upack)
[2023.02.24-10.05.39:694][  0]LogPakFile: OnPakFileMounted2Time == 0.000029
[2023.02.24-10.05.39:695][  0]LogPakFile: PakFile PrimaryIndexSize=191
[2023.02.24-10.05.39:695][  0]LogPakFile: PakFile PathHashIndexSize=101
[2023.02.24-10.05.39:695][  0]LogPakFile: PakFile FullDirectoryIndexSize=160
[2023.02.24-10.05.39:695][  0]LogShaderLibrary: Display: ShaderCodeLibraryPakFileMountedCallback: PakFile 'C:/Program Files/Epic Games/UE_4.27/FeaturePacks/MobileStarterContent.upack' (chunk index -1, root 'root:/') mounted
[2023.02.24-10.05.39:696][  0]LogShaderLibrary: Display: ShaderCodeLibraryPakFileMountedCallback: pending pak file info (ChunkID:-1 Root:root:/ File:C:/Program Files/Epic Games/UE_4.27/FeaturePacks/MobileStarterContent.upack)
[2023.02.24-10.05.39:696][  0]LogPakFile: OnPakFileMounted2Time == 0.000081
[2023.02.24-10.05.39:697][  0]LogPakFile: PakFile PrimaryIndexSize=185
[2023.02.24-10.05.39:697][  0]LogPakFile: PakFile PathHashIndexSize=101
[2023.02.24-10.05.39:697][  0]LogPakFile: PakFile FullDirectoryIndexSize=148
[2023.02.24-10.05.39:697][  0]LogShaderLibrary: Display: ShaderCodeLibraryPakFileMountedCallback: PakFile 'C:/Program Files/Epic Games/UE_4.27/FeaturePacks/StarterContent.upack' (chunk index -1, root 'root:/') mounted
[2023.02.24-10.05.39:697][  0]LogShaderLibrary: Display: ShaderCodeLibraryPakFileMountedCallback: pending pak file info (ChunkID:-1 Root:root:/ File:C:/Program Files/Epic Games/UE_4.27/FeaturePacks/StarterContent.upack)
[2023.02.24-10.05.39:697][  0]LogPakFile: OnPakFileMounted2Time == 0.000026
[2023.02.24-10.05.39:699][  0]LogPakFile: PakFile PrimaryIndexSize=190
[2023.02.24-10.05.39:699][  0]LogPakFile: PakFile PathHashIndexSize=101
[2023.02.24-10.05.39:699][  0]LogPakFile: PakFile FullDirectoryIndexSize=154
[2023.02.24-10.05.39:699][  0]LogShaderLibrary: Display: ShaderCodeLibraryPakFileMountedCallback: PakFile 'C:/Program Files/Epic Games/UE_4.27/FeaturePacks/TP_2DSideScroller.upack' (chunk index -1, root 'root:/') mounted
[2023.02.24-10.05.39:699][  0]LogShaderLibrary: Display: ShaderCodeLibraryPakFileMountedCallback: pending pak file info (ChunkID:-1 Root:root:/ File:C:/Program Files/Epic Games/UE_4.27/FeaturePacks/TP_2DSideScroller.upack)
[2023.02.24-10.05.39:699][  0]LogPakFile: OnPakFileMounted2Time == 0.000025
[2023.02.24-10.05.39:700][  0]LogPakFile: PakFile PrimaryIndexSize=192
[2023.02.24-10.05.39:700][  0]LogPakFile: PakFile PathHashIndexSize=101
[2023.02.24-10.05.39:700][  0]LogPakFile: PakFile FullDirectoryIndexSize=158
[2023.02.24-10.05.39:700][  0]LogShaderLibrary: Display: ShaderCodeLibraryPakFileMountedCallback: PakFile 'C:/Program Files/Epic Games/UE_4.27/FeaturePacks/TP_2DSideScrollerBP.upack' (chunk index -1, root 'root:/') mounted
[2023.02.24-10.05.39:700][  0]LogShaderLibrary: Display: ShaderCodeLibraryPakFileMountedCallback: pending pak file info (ChunkID:-1 Root:root:/ File:C:/Program Files/Epic Games/UE_4.27/FeaturePacks/TP_2DSideScrollerBP.upack)
[2023.02.24-10.05.39:700][  0]LogPakFile: OnPakFileMounted2Time == 0.000025
[2023.02.24-10.05.39:701][  0]LogPakFile: PakFile PrimaryIndexSize=182
[2023.02.24-10.05.39:701][  0]LogPakFile: PakFile PathHashIndexSize=101
[2023.02.24-10.05.39:701][  0]LogPakFile: PakFile FullDirectoryIndexSize=138
[2023.02.24-10.05.39:701][  0]LogShaderLibrary: Display: ShaderCodeLibraryPakFileMountedCallback: PakFile 'C:/Program Files/Epic Games/UE_4.27/FeaturePacks/TP_Flying.upack' (chunk index -1, root 'root:/') mounted
[2023.02.24-10.05.39:701][  0]LogShaderLibrary: Display: ShaderCodeLibraryPakFileMountedCallback: pending pak file info (ChunkID:-1 Root:root:/ File:C:/Program Files/Epic Games/UE_4.27/FeaturePacks/TP_Flying.upack)
[2023.02.24-10.05.39:701][  0]LogPakFile: OnPakFileMounted2Time == 0.000028
[2023.02.24-10.05.39:702][  0]LogPakFile: PakFile PrimaryIndexSize=184
[2023.02.24-10.05.39:702][  0]LogPakFile: PakFile PathHashIndexSize=101
[2023.02.24-10.05.39:702][  0]LogPakFile: PakFile FullDirectoryIndexSize=142
[2023.02.24-10.05.39:702][  0]LogShaderLibrary: Display: ShaderCodeLibraryPakFileMountedCallback: PakFile 'C:/Program Files/Epic Games/UE_4.27/FeaturePacks/TP_FlyingBP.upack' (chunk index -1, root 'root:/') mounted
[2023.02.24-10.05.39:702][  0]LogShaderLibrary: Display: ShaderCodeLibraryPakFileMountedCallback: pending pak file info (ChunkID:-1 Root:root:/ File:C:/Program Files/Epic Games/UE_4.27/FeaturePacks/TP_FlyingBP.upack)
[2023.02.24-10.05.39:702][  0]LogPakFile: OnPakFileMounted2Time == 0.000024
[2023.02.24-10.05.39:703][  0]LogPakFile: PakFile PrimaryIndexSize=188
[2023.02.24-10.05.39:703][  0]LogPakFile: PakFile PathHashIndexSize=101
[2023.02.24-10.05.39:703][  0]LogPakFile: PakFile FullDirectoryIndexSize=150
[2023.02.24-10.05.39:703][  0]LogShaderLibrary: Display: ShaderCodeLibraryPakFileMountedCallback: PakFile 'C:/Program Files/Epic Games/UE_4.27/FeaturePacks/TP_HandheldARBP.upack' (chunk index -1, root 'root:/') mounted
[2023.02.24-10.05.39:703][  0]LogShaderLibrary: Display: ShaderCodeLibraryPakFileMountedCallback: pending pak file info (ChunkID:-1 Root:root:/ File:C:/Program Files/Epic Games/UE_4.27/FeaturePacks/TP_HandheldARBP.upack)
[2023.02.24-10.05.39:703][  0]LogPakFile: OnPakFileMounted2Time == 0.000025
[2023.02.24-10.05.39:706][  0]LogPakFile: PakFile PrimaryIndexSize=182
[2023.02.24-10.05.39:706][  0]LogPakFile: PakFile PathHashIndexSize=101
[2023.02.24-10.05.39:706][  0]LogPakFile: PakFile FullDirectoryIndexSize=138
[2023.02.24-10.05.39:706][  0]LogShaderLibrary: Display: ShaderCodeLibraryPakFileMountedCallback: PakFile 'C:/Program Files/Epic Games/UE_4.27/FeaturePacks/TP_Puzzle.upack' (chunk index -1, root 'root:/') mounted
[2023.02.24-10.05.39:706][  0]LogShaderLibrary: Display: ShaderCodeLibraryPakFileMountedCallback: pending pak file info (ChunkID:-1 Root:root:/ File:C:/Program Files/Epic Games/UE_4.27/FeaturePacks/TP_Puzzle.upack)
[2023.02.24-10.05.39:706][  0]LogPakFile: OnPakFileMounted2Time == 0.000025
[2023.02.24-10.05.39:707][  0]LogPakFile: PakFile PrimaryIndexSize=184
[2023.02.24-10.05.39:707][  0]LogPakFile: PakFile PathHashIndexSize=101
[2023.02.24-10.05.39:707][  0]LogPakFile: PakFile FullDirectoryIndexSize=142
[2023.02.24-10.05.39:707][  0]LogShaderLibrary: Display: ShaderCodeLibraryPakFileMountedCallback: PakFile 'C:/Program Files/Epic Games/UE_4.27/FeaturePacks/TP_PuzzleBP.upack' (chunk index -1, root 'root:/') mounted
[2023.02.24-10.05.39:707][  0]LogShaderLibrary: Display: ShaderCodeLibraryPakFileMountedCallback: pending pak file info (ChunkID:-1 Root:root:/ File:C:/Program Files/Epic Games/UE_4.27/FeaturePacks/TP_PuzzleBP.upack)
[2023.02.24-10.05.39:707][  0]LogPakFile: OnPakFileMounted2Time == 0.000025
[2023.02.24-10.05.39:708][  0]LogPakFile: PakFile PrimaryIndexSize=183
[2023.02.24-10.05.39:708][  0]LogPakFile: PakFile PathHashIndexSize=101
[2023.02.24-10.05.39:708][  0]LogPakFile: PakFile FullDirectoryIndexSize=140
[2023.02.24-10.05.39:708][  0]LogShaderLibrary: Display: ShaderCodeLibraryPakFileMountedCallback: PakFile 'C:/Program Files/Epic Games/UE_4.27/FeaturePacks/TP_Rolling.upack' (chunk index -1, root 'root:/') mounted
[2023.02.24-10.05.39:708][  0]LogShaderLibrary: Display: ShaderCodeLibraryPakFileMountedCallback: pending pak file info (ChunkID:-1 Root:root:/ File:C:/Program Files/Epic Games/UE_4.27/FeaturePacks/TP_Rolling.upack)
[2023.02.24-10.05.39:708][  0]LogPakFile: OnPakFileMounted2Time == 0.000025
[2023.02.24-10.05.39:709][  0]LogPakFile: PakFile PrimaryIndexSize=185
[2023.02.24-10.05.39:709][  0]LogPakFile: PakFile PathHashIndexSize=101
[2023.02.24-10.05.39:709][  0]LogPakFile: PakFile FullDirectoryIndexSize=144
[2023.02.24-10.05.39:709][  0]LogShaderLibrary: Display: ShaderCodeLibraryPakFileMountedCallback: PakFile 'C:/Program Files/Epic Games/UE_4.27/FeaturePacks/TP_RollingBP.upack' (chunk index -1, root 'root:/') mounted
[2023.02.24-10.05.39:709][  0]LogShaderLibrary: Display: ShaderCodeLibraryPakFileMountedCallback: pending pak file info (ChunkID:-1 Root:root:/ File:C:/Program Files/Epic Games/UE_4.27/FeaturePacks/TP_RollingBP.upack)
[2023.02.24-10.05.39:709][  0]LogPakFile: OnPakFileMounted2Time == 0.000025
[2023.02.24-10.05.39:710][  0]LogPakFile: PakFile PrimaryIndexSize=188
[2023.02.24-10.05.39:710][  0]LogPakFile: PakFile PathHashIndexSize=101
[2023.02.24-10.05.39:710][  0]LogPakFile: PakFile FullDirectoryIndexSize=150
[2023.02.24-10.05.39:710][  0]LogShaderLibrary: Display: ShaderCodeLibraryPakFileMountedCallback: PakFile 'C:/Program Files/Epic Games/UE_4.27/FeaturePacks/TP_SideScroller.upack' (chunk index -1, root 'root:/') mounted
[2023.02.24-10.05.39:710][  0]LogShaderLibrary: Display: ShaderCodeLibraryPakFileMountedCallback: pending pak file info (ChunkID:-1 Root:root:/ File:C:/Program Files/Epic Games/UE_4.27/FeaturePacks/TP_SideScroller.upack)
[2023.02.24-10.05.39:710][  0]LogPakFile: OnPakFileMounted2Time == 0.000028
[2023.02.24-10.05.39:711][  0]LogPakFile: PakFile PrimaryIndexSize=190
[2023.02.24-10.05.39:711][  0]LogPakFile: PakFile PathHashIndexSize=101
[2023.02.24-10.05.39:711][  0]LogPakFile: PakFile FullDirectoryIndexSize=154
[2023.02.24-10.05.39:711][  0]LogShaderLibrary: Display: ShaderCodeLibraryPakFileMountedCallback: PakFile 'C:/Program Files/Epic Games/UE_4.27/FeaturePacks/TP_SideScrollerBP.upack' (chunk index -1, root 'root:/') mounted
[2023.02.24-10.05.39:711][  0]LogShaderLibrary: Display: ShaderCodeLibraryPakFileMountedCallback: pending pak file info (ChunkID:-1 Root:root:/ File:C:/Program Files/Epic Games/UE_4.27/FeaturePacks/TP_SideScrollerBP.upack)
[2023.02.24-10.05.39:711][  0]LogPakFile: OnPakFileMounted2Time == 0.000025
[2023.02.24-10.05.39:712][  0]LogPakFile: PakFile PrimaryIndexSize=187
[2023.02.24-10.05.39:712][  0]LogPakFile: PakFile PathHashIndexSize=101
[2023.02.24-10.05.39:712][  0]LogPakFile: PakFile FullDirectoryIndexSize=148
[2023.02.24-10.05.39:712][  0]LogShaderLibrary: Display: ShaderCodeLibraryPakFileMountedCallback: PakFile 'C:/Program Files/Epic Games/UE_4.27/FeaturePacks/TP_ThirdPerson.upack' (chunk index -1, root 'root:/') mounted
[2023.02.24-10.05.39:712][  0]LogShaderLibrary: Display: ShaderCodeLibraryPakFileMountedCallback: pending pak file info (ChunkID:-1 Root:root:/ File:C:/Program Files/Epic Games/UE_4.27/FeaturePacks/TP_ThirdPerson.upack)
[2023.02.24-10.05.39:712][  0]LogPakFile: OnPakFileMounted2Time == 0.000024
[2023.02.24-10.05.39:713][  0]LogPakFile: PakFile PrimaryIndexSize=189
[2023.02.24-10.05.39:713][  0]LogPakFile: PakFile PathHashIndexSize=101
[2023.02.24-10.05.39:713][  0]LogPakFile: PakFile FullDirectoryIndexSize=152
[2023.02.24-10.05.39:713][  0]LogShaderLibrary: Display: ShaderCodeLibraryPakFileMountedCallback: PakFile 'C:/Program Files/Epic Games/UE_4.27/FeaturePacks/TP_ThirdPersonBP.upack' (chunk index -1, root 'root:/') mounted
[2023.02.24-10.05.39:713][  0]LogShaderLibrary: Display: ShaderCodeLibraryPakFileMountedCallback: pending pak file info (ChunkID:-1 Root:root:/ File:C:/Program Files/Epic Games/UE_4.27/FeaturePacks/TP_ThirdPersonBP.upack)
[2023.02.24-10.05.39:713][  0]LogPakFile: OnPakFileMounted2Time == 0.000024
[2023.02.24-10.05.39:714][  0]LogPakFile: PakFile PrimaryIndexSize=183
[2023.02.24-10.05.39:714][  0]LogPakFile: PakFile PathHashIndexSize=101
[2023.02.24-10.05.39:714][  0]LogPakFile: PakFile FullDirectoryIndexSize=140
[2023.02.24-10.05.39:714][  0]LogShaderLibrary: Display: ShaderCodeLibraryPakFileMountedCallback: PakFile 'C:/Program Files/Epic Games/UE_4.27/FeaturePacks/TP_TopDown.upack' (chunk index -1, root 'root:/') mounted
[2023.02.24-10.05.39:714][  0]LogShaderLibrary: Display: ShaderCodeLibraryPakFileMountedCallback: pending pak file info (ChunkID:-1 Root:root:/ File:C:/Program Files/Epic Games/UE_4.27/FeaturePacks/TP_TopDown.upack)
[2023.02.24-10.05.39:714][  0]LogPakFile: OnPakFileMounted2Time == 0.000035
[2023.02.24-10.05.39:715][  0]LogPakFile: PakFile PrimaryIndexSize=185
[2023.02.24-10.05.39:715][  0]LogPakFile: PakFile PathHashIndexSize=101
[2023.02.24-10.05.39:715][  0]LogPakFile: PakFile FullDirectoryIndexSize=144
[2023.02.24-10.05.39:715][  0]LogShaderLibrary: Display: ShaderCodeLibraryPakFileMountedCallback: PakFile 'C:/Program Files/Epic Games/UE_4.27/FeaturePacks/TP_TopDownBP.upack' (chunk index -1, root 'root:/') mounted
[2023.02.24-10.05.39:715][  0]LogShaderLibrary: Display: ShaderCodeLibraryPakFileMountedCallback: pending pak file info (ChunkID:-1 Root:root:/ File:C:/Program Files/Epic Games/UE_4.27/FeaturePacks/TP_TopDownBP.upack)
[2023.02.24-10.05.39:715][  0]LogPakFile: OnPakFileMounted2Time == 0.000025
[2023.02.24-10.05.39:716][  0]LogPakFile: PakFile PrimaryIndexSize=185
[2023.02.24-10.05.39:716][  0]LogPakFile: PakFile PathHashIndexSize=101
[2023.02.24-10.05.39:716][  0]LogPakFile: PakFile FullDirectoryIndexSize=144
[2023.02.24-10.05.39:716][  0]LogShaderLibrary: Display: ShaderCodeLibraryPakFileMountedCallback: PakFile 'C:/Program Files/Epic Games/UE_4.27/FeaturePacks/TP_TwinStick.upack' (chunk index -1, root 'root:/') mounted
[2023.02.24-10.05.39:716][  0]LogShaderLibrary: Display: ShaderCodeLibraryPakFileMountedCallback: pending pak file info (ChunkID:-1 Root:root:/ File:C:/Program Files/Epic Games/UE_4.27/FeaturePacks/TP_TwinStick.upack)
[2023.02.24-10.05.39:716][  0]LogPakFile: OnPakFileMounted2Time == 0.000024
[2023.02.24-10.05.39:717][  0]LogPakFile: PakFile PrimaryIndexSize=187
[2023.02.24-10.05.39:717][  0]LogPakFile: PakFile PathHashIndexSize=101
[2023.02.24-10.05.39:717][  0]LogPakFile: PakFile FullDirectoryIndexSize=148
[2023.02.24-10.05.39:717][  0]LogShaderLibrary: Display: ShaderCodeLibraryPakFileMountedCallback: PakFile 'C:/Program Files/Epic Games/UE_4.27/FeaturePacks/TP_TwinStickBP.upack' (chunk index -1, root 'root:/') mounted
[2023.02.24-10.05.39:717][  0]LogShaderLibrary: Display: ShaderCodeLibraryPakFileMountedCallback: pending pak file info (ChunkID:-1 Root:root:/ File:C:/Program Files/Epic Games/UE_4.27/FeaturePacks/TP_TwinStickBP.upack)
[2023.02.24-10.05.39:717][  0]LogPakFile: OnPakFileMounted2Time == 0.000024
[2023.02.24-10.05.39:718][  0]LogPakFile: PakFile PrimaryIndexSize=183
[2023.02.24-10.05.39:718][  0]LogPakFile: PakFile PathHashIndexSize=101
[2023.02.24-10.05.39:718][  0]LogPakFile: PakFile FullDirectoryIndexSize=140
[2023.02.24-10.05.39:718][  0]LogShaderLibrary: Display: ShaderCodeLibraryPakFileMountedCallback: PakFile 'C:/Program Files/Epic Games/UE_4.27/FeaturePacks/TP_Vehicle.upack' (chunk index -1, root 'root:/') mounted
[2023.02.24-10.05.39:718][  0]LogShaderLibrary: Display: ShaderCodeLibraryPakFileMountedCallback: pending pak file info (ChunkID:-1 Root:root:/ File:C:/Program Files/Epic Games/UE_4.27/FeaturePacks/TP_Vehicle.upack)
[2023.02.24-10.05.39:718][  0]LogPakFile: OnPakFileMounted2Time == 0.000027
[2023.02.24-10.05.39:719][  0]LogPakFile: PakFile PrimaryIndexSize=186
[2023.02.24-10.05.39:719][  0]LogPakFile: PakFile PathHashIndexSize=101
[2023.02.24-10.05.39:719][  0]LogPakFile: PakFile FullDirectoryIndexSize=146
[2023.02.24-10.05.39:719][  0]LogShaderLibrary: Display: ShaderCodeLibraryPakFileMountedCallback: PakFile 'C:/Program Files/Epic Games/UE_4.27/FeaturePacks/TP_VehicleAdv.upack' (chunk index -1, root 'root:/') mounted
[2023.02.24-10.05.39:719][  0]LogShaderLibrary: Display: ShaderCodeLibraryPakFileMountedCallback: pending pak file info (ChunkID:-1 Root:root:/ File:C:/Program Files/Epic Games/UE_4.27/FeaturePacks/TP_VehicleAdv.upack)
[2023.02.24-10.05.39:719][  0]LogPakFile: OnPakFileMounted2Time == 0.000024
[2023.02.24-10.05.39:720][  0]LogPakFile: PakFile PrimaryIndexSize=188
[2023.02.24-10.05.39:720][  0]LogPakFile: PakFile PathHashIndexSize=101
[2023.02.24-10.05.39:720][  0]LogPakFile: PakFile FullDirectoryIndexSize=150
[2023.02.24-10.05.39:720][  0]LogShaderLibrary: Display: ShaderCodeLibraryPakFileMountedCallback: PakFile 'C:/Program Files/Epic Games/UE_4.27/FeaturePacks/TP_VehicleAdvBP.upack' (chunk index -1, root 'root:/') mounted
[2023.02.24-10.05.39:720][  0]LogShaderLibrary: Display: ShaderCodeLibraryPakFileMountedCallback: pending pak file info (ChunkID:-1 Root:root:/ File:C:/Program Files/Epic Games/UE_4.27/FeaturePacks/TP_VehicleAdvBP.upack)
[2023.02.24-10.05.39:720][  0]LogPakFile: OnPakFileMounted2Time == 0.000024
[2023.02.24-10.05.39:721][  0]LogPakFile: PakFile PrimaryIndexSize=185
[2023.02.24-10.05.39:721][  0]LogPakFile: PakFile PathHashIndexSize=101
[2023.02.24-10.05.39:721][  0]LogPakFile: PakFile FullDirectoryIndexSize=144
[2023.02.24-10.05.39:721][  0]LogShaderLibrary: Display: ShaderCodeLibraryPakFileMountedCallback: PakFile 'C:/Program Files/Epic Games/UE_4.27/FeaturePacks/TP_VehicleBP.upack' (chunk index -1, root 'root:/') mounted
[2023.02.24-10.05.39:721][  0]LogShaderLibrary: Display: ShaderCodeLibraryPakFileMountedCallback: pending pak file info (ChunkID:-1 Root:root:/ File:C:/Program Files/Epic Games/UE_4.27/FeaturePacks/TP_VehicleBP.upack)
[2023.02.24-10.05.39:721][  0]LogPakFile: OnPakFileMounted2Time == 0.000025
[2023.02.24-10.05.39:722][  0]LogPakFile: PakFile PrimaryIndexSize=192
[2023.02.24-10.05.39:723][  0]LogPakFile: PakFile PathHashIndexSize=101
[2023.02.24-10.05.39:723][  0]LogPakFile: PakFile FullDirectoryIndexSize=158
[2023.02.24-10.05.39:723][  0]LogShaderLibrary: Display: ShaderCodeLibraryPakFileMountedCallback: PakFile 'C:/Program Files/Epic Games/UE_4.27/FeaturePacks/TP_VirtualRealityBP.upack' (chunk index -1, root 'root:/') mounted
[2023.02.24-10.05.39:723][  0]LogShaderLibrary: Display: ShaderCodeLibraryPakFileMountedCallback: pending pak file info (ChunkID:-1 Root:root:/ File:C:/Program Files/Epic Games/UE_4.27/FeaturePacks/TP_VirtualRealityBP.upack)
[2023.02.24-10.05.39:723][  0]LogPakFile: OnPakFileMounted2Time == 0.000024
[2023.02.24-10.05.39:830][  0]LogNativeClassHierarchy: Verbose: Native class hierarchy updated for 'AddContentDialog' in 0.0002 seconds. Added 0 classes and 0 folders.
[2023.02.24-10.05.39:835][  0]LogNativeClassHierarchy: Verbose: Native class hierarchy updated for 'SceneOutliner' in 0.0003 seconds. Added 2 classes and 0 folders.
[2023.02.24-10.05.40:012][  0]LogSlate: Took 0.000332 seconds to synchronously load lazily loaded font '../../../Engine/Content/Slate/Fonts/Roboto-Regular.ttf' (155K)
[2023.02.24-10.05.40:014][  0]LogSlate: Took 0.000902 seconds to synchronously load lazily loaded font '../../../Engine/Content/Editor/Slate/Fonts/FontAwesome.ttf' (139K)
[2023.02.24-10.05.40:019][  0]LogSlate: Took 0.000655 seconds to synchronously load lazily loaded font '../../../Engine/Content/Slate/Fonts/Roboto-Bold.ttf' (160K)
[2023.02.24-10.05.40:084][  0]LogRenderer: Reallocating scene render targets to support 1172x476 Format 10 NumSamples 1 (Frame:1).
[2023.02.24-10.05.40:233][  0]LogNativeClassHierarchy: Verbose: Native class hierarchy updated for 'HierarchicalLODOutliner' in 0.0003 seconds. Added 0 classes and 0 folders.
[2023.02.24-10.05.40:233][  0]LogInput: Warning: Action Jump uses invalid key OculusGo_Left_Trigger_Click.
[2023.02.24-10.05.40:233][  0]LogInput: Warning: Action ResetVR uses invalid key OculusGo_Left_Trackpad_Click.
[2023.02.24-10.05.40:233][  0]LogInput: Warning: Use -RemoveInvalidKeys to remove instances of these keys from the action mapping.
[2023.02.24-10.05.40:233][  0]LogLoad: (Engine Initialization) Total time: 10.39 seconds
[2023.02.24-10.05.40:233][  0]LogLoad: (Engine Initialization) Total Blueprint compile time: 0.00 seconds
[2023.02.24-10.05.40:295][  0]LogAssetRegistry: Asset discovery search completed in 7.2879 seconds
[2023.02.24-10.05.40:301][  0]LogCollectionManager: Fixed up redirectors for 0 collections in 0.000005 seconds (updated 0 objects)
[2023.02.24-10.05.40:305][  0]LogContentStreaming: Texture pool size now 1000 MB
[2023.02.24-10.05.40:451][  3]LogSlate: Took 0.001060 seconds to synchronously load lazily loaded font '../../../Engine/Content/Slate/Fonts/Roboto-Light.ttf' (167K)
[2023.02.24-10.05.41:255][ 51]LogSlate: Took 0.000493 seconds to synchronously load lazily loaded font '../../../Engine/Content/Slate/Fonts/Roboto-Light.ttf' (167K)
[2023.02.24-10.06.02:852][328]LogTemp: Repeating last play command: Standalone Game
[2023.02.24-10.06.02:865][328]LogUObjectHash: Compacting FUObjectHashTables data took   0.59ms
